[0.072s] Invoking command in '/media/sf_MacShare/turtlebot_simulator/build/turtlebot_base': CMAKE_PREFIX_PATH=${CMAKE_PREFIX_PATH}:/opt/ros/humble /usr/bin/cmake --build /media/sf_MacShare/turtlebot_simulator/build/turtlebot_base -- -j12 -l12
[0.150s] Invoked command in '/media/sf_MacShare/turtlebot_simulator/build/turtlebot_base' returned '0': CMAKE_PREFIX_PATH=${CMAKE_PREFIX_PATH}:/opt/ros/humble /usr/bin/cmake --build /media/sf_MacShare/turtlebot_simulator/build/turtlebot_base -- -j12 -l12
[0.208s] Invoking command in '/media/sf_MacShare/turtlebot_simulator/build/turtlebot_base': CMAKE_PREFIX_PATH=${CMAKE_PREFIX_PATH}:/opt/ros/humble /usr/bin/cmake --install /media/sf_MacShare/turtlebot_simulator/build/turtlebot_base
[0.223s] -- Install configuration: ""
[0.227s] -- Up-to-date: /media/sf_MacShare/turtlebot_simulator/install/turtlebot_base/share/turtlebot_base/config
[0.233s] -- Up-to-date: /media/sf_MacShare/turtlebot_simulator/install/turtlebot_base/share/turtlebot_base/config/empty.yaml
[0.236s] -- Up-to-date: /media/sf_MacShare/turtlebot_simulator/install/turtlebot_base/share/turtlebot_base/config/view_bot.rviz
[0.241s] -- Up-to-date: /media/sf_MacShare/turtlebot_simulator/install/turtlebot_base/share/turtlebot_base/description
[0.244s] -- Up-to-date: /media/sf_MacShare/turtlebot_simulator/install/turtlebot_base/share/turtlebot_base/description/robot_core.xacro
[0.255s] -- Up-to-date: /media/sf_MacShare/turtlebot_simulator/install/turtlebot_base/share/turtlebot_base/description/robot.urdf.xacro
[0.258s] -- Installing: /media/sf_MacShare/turtlebot_simulator/install/turtlebot_base/share/turtlebot_base/description/gazebo_control.xacro
[0.277s] -- Up-to-date: /media/sf_MacShare/turtlebot_simulator/install/turtlebot_base/share/turtlebot_base/description/inertial_macros.xacro
[0.278s] -- Up-to-date: /media/sf_MacShare/turtlebot_simulator/install/turtlebot_base/share/turtlebot_base/launch
[0.285s] -- Up-to-date: /media/sf_MacShare/turtlebot_simulator/install/turtlebot_base/share/turtlebot_base/launch/rsp.launch.py
[0.287s] -- Up-to-date: /media/sf_MacShare/turtlebot_simulator/install/turtlebot_base/share/turtlebot_base/launch/install
[0.289s] -- Up-to-date: /media/sf_MacShare/turtlebot_simulator/install/turtlebot_base/share/turtlebot_base/launch/install/setup.sh
[0.294s] -- Up-to-date: /media/sf_MacShare/turtlebot_simulator/install/turtlebot_base/share/turtlebot_base/launch/install/setup.ps1
[0.298s] -- Up-to-date: /media/sf_MacShare/turtlebot_simulator/install/turtlebot_base/share/turtlebot_base/launch/install/setup.zsh
[0.311s] -- Up-to-date: /media/sf_MacShare/turtlebot_simulator/install/turtlebot_base/share/turtlebot_base/launch/install/COLCON_IGNORE
[0.328s] -- Up-to-date: /media/sf_MacShare/turtlebot_simulator/install/turtlebot_base/share/turtlebot_base/launch/install/local_setup.sh
[0.331s] -- Up-to-date: /media/sf_MacShare/turtlebot_simulator/install/turtlebot_base/share/turtlebot_base/launch/install/local_setup.ps1
[0.339s] -- Up-to-date: /media/sf_MacShare/turtlebot_simulator/install/turtlebot_base/share/turtlebot_base/launch/install/local_setup.zsh
[0.370s] -- Up-to-date: /media/sf_MacShare/turtlebot_simulator/install/turtlebot_base/share/turtlebot_base/launch/install/_local_setup_util_sh.py
[0.382s] -- Up-to-date: /media/sf_MacShare/turtlebot_simulator/install/turtlebot_base/share/turtlebot_base/launch/install/setup.bash
[0.390s] -- Up-to-date: /media/sf_MacShare/turtlebot_simulator/install/turtlebot_base/share/turtlebot_base/launch/install/.colcon_install_layout
[0.393s] -- Up-to-date: /media/sf_MacShare/turtlebot_simulator/install/turtlebot_base/share/turtlebot_base/launch/install/local_setup.bash
[0.397s] -- Up-to-date: /media/sf_MacShare/turtlebot_simulator/install/turtlebot_base/share/turtlebot_base/launch/install/_local_setup_util_ps1.py
[0.414s] -- Installing: /media/sf_MacShare/turtlebot_simulator/install/turtlebot_base/share/turtlebot_base/launch/launch_sim.launch.py
[0.434s] -- Up-to-date: /media/sf_MacShare/turtlebot_simulator/install/turtlebot_base/share/turtlebot_base/launch/log
[0.438s] -- Up-to-date: /media/sf_MacShare/turtlebot_simulator/install/turtlebot_base/share/turtlebot_base/launch/log/COLCON_IGNORE
[0.441s] -- Up-to-date: /media/sf_MacShare/turtlebot_simulator/install/turtlebot_base/share/turtlebot_base/launch/log/build_2024-10-19_23-05-09
[0.447s] -- Up-to-date: /media/sf_MacShare/turtlebot_simulator/install/turtlebot_base/share/turtlebot_base/launch/log/build_2024-10-19_23-05-09/logger_all.log
[0.450s] -- Up-to-date: /media/sf_MacShare/turtlebot_simulator/install/turtlebot_base/share/turtlebot_base/launch/log/build_2024-10-19_23-05-09/events.log
[0.453s] -- Up-to-date: /media/sf_MacShare/turtlebot_simulator/install/turtlebot_base/share/turtlebot_base/launch/build
[0.462s] -- Up-to-date: /media/sf_MacShare/turtlebot_simulator/install/turtlebot_base/share/turtlebot_base/launch/build/COLCON_IGNORE
[0.465s] -- Up-to-date: /media/sf_MacShare/turtlebot_simulator/install/turtlebot_base/share/turtlebot_base/launch/build/.built_by
[0.470s] -- Up-to-date: /media/sf_MacShare/turtlebot_simulator/install/turtlebot_base/share/turtlebot_base/worlds
[0.474s] -- Up-to-date: /media/sf_MacShare/turtlebot_simulator/install/turtlebot_base/share/turtlebot_base/worlds/empty.sdf
[0.476s] -- Up-to-date: /media/sf_MacShare/turtlebot_simulator/install/turtlebot_base/share/turtlebot_base/worlds/empty.world
[0.485s] -- Up-to-date: /media/sf_MacShare/turtlebot_simulator/install/turtlebot_base/share/ament_index/resource_index/package_run_dependencies/turtlebot_base
[0.489s] -- Up-to-date: /media/sf_MacShare/turtlebot_simulator/install/turtlebot_base/share/ament_index/resource_index/parent_prefix_path/turtlebot_base
[0.491s] -- Up-to-date: /media/sf_MacShare/turtlebot_simulator/install/turtlebot_base/share/turtlebot_base/environment/ament_prefix_path.sh
[0.495s] -- Up-to-date: /media/sf_MacShare/turtlebot_simulator/install/turtlebot_base/share/turtlebot_base/environment/ament_prefix_path.dsv
[0.498s] -- Up-to-date: /media/sf_MacShare/turtlebot_simulator/install/turtlebot_base/share/turtlebot_base/environment/path.sh
[0.500s] -- Up-to-date: /media/sf_MacShare/turtlebot_simulator/install/turtlebot_base/share/turtlebot_base/environment/path.dsv
[0.505s] -- Up-to-date: /media/sf_MacShare/turtlebot_simulator/install/turtlebot_base/share/turtlebot_base/local_setup.bash
[0.508s] -- Up-to-date: /media/sf_MacShare/turtlebot_simulator/install/turtlebot_base/share/turtlebot_base/local_setup.sh
[0.510s] -- Up-to-date: /media/sf_MacShare/turtlebot_simulator/install/turtlebot_base/share/turtlebot_base/local_setup.zsh
[0.514s] -- Up-to-date: /media/sf_MacShare/turtlebot_simulator/install/turtlebot_base/share/turtlebot_base/local_setup.dsv
[0.516s] -- Installing: /media/sf_MacShare/turtlebot_simulator/install/turtlebot_base/share/turtlebot_base/package.dsv
[0.539s] -- Up-to-date: /media/sf_MacShare/turtlebot_simulator/install/turtlebot_base/share/ament_index/resource_index/packages/turtlebot_base
[0.544s] -- Up-to-date: /media/sf_MacShare/turtlebot_simulator/install/turtlebot_base/share/turtlebot_base/cmake/turtlebot_baseConfig.cmake
[0.549s] -- Up-to-date: /media/sf_MacShare/turtlebot_simulator/install/turtlebot_base/share/turtlebot_base/cmake/turtlebot_baseConfig-version.cmake
[0.558s] -- Up-to-date: /media/sf_MacShare/turtlebot_simulator/install/turtlebot_base/share/turtlebot_base/package.xml
[0.566s] Invoked command in '/media/sf_MacShare/turtlebot_simulator/build/turtlebot_base' returned '0': CMAKE_PREFIX_PATH=${CMAKE_PREFIX_PATH}:/opt/ros/humble /usr/bin/cmake --install /media/sf_MacShare/turtlebot_simulator/build/turtlebot_base
