[0.061s] Invoking command in '/media/sf_MacShare/turtlebot_simulator/build/turtlebot_base': CMAKE_PREFIX_PATH=${CMAKE_PREFIX_PATH}:/opt/ros/humble /usr/bin/cmake --build /media/sf_MacShare/turtlebot_simulator/build/turtlebot_base -- -j12 -l12
[0.112s] Invoked command in '/media/sf_MacShare/turtlebot_simulator/build/turtlebot_base' returned '0': CMAKE_PREFIX_PATH=${CMAKE_PREFIX_PATH}:/opt/ros/humble /usr/bin/cmake --build /media/sf_MacShare/turtlebot_simulator/build/turtlebot_base -- -j12 -l12
[0.197s] Invoking command in '/media/sf_MacShare/turtlebot_simulator/build/turtlebot_base': CMAKE_PREFIX_PATH=${CMAKE_PREFIX_PATH}:/opt/ros/humble /usr/bin/cmake --install /media/sf_MacShare/turtlebot_simulator/build/turtlebot_base
[0.208s] -- Install configuration: ""
[0.212s] -- Up-to-date: /media/sf_MacShare/turtlebot_simulator/install/turtlebot_base/share/turtlebot_base/config
[0.218s] -- Up-to-date: /media/sf_MacShare/turtlebot_simulator/install/turtlebot_base/share/turtlebot_base/config/empty.yaml
[0.219s] -- Up-to-date: /media/sf_MacShare/turtlebot_simulator/install/turtlebot_base/share/turtlebot_base/config/view_bot.rviz
[0.221s] -- Up-to-date: /media/sf_MacShare/turtlebot_simulator/install/turtlebot_base/share/turtlebot_base/description
[0.225s] -- Up-to-date: /media/sf_MacShare/turtlebot_simulator/install/turtlebot_base/share/turtlebot_base/description/.DS_Store
[0.237s] -- Installing: /media/sf_MacShare/turtlebot_simulator/install/turtlebot_base/share/turtlebot_base/description/lidar.xacro
[0.262s] -- Up-to-date: /media/sf_MacShare/turtlebot_simulator/install/turtlebot_base/share/turtlebot_base/description/robot_core.xacro
[0.265s] -- Installing: /media/sf_MacShare/turtlebot_simulator/install/turtlebot_base/share/turtlebot_base/description/robot.urdf.xacro
[0.287s] -- Up-to-date: /media/sf_MacShare/turtlebot_simulator/install/turtlebot_base/share/turtlebot_base/description/gazebo_control.xacro
[0.290s] -- Up-to-date: /media/sf_MacShare/turtlebot_simulator/install/turtlebot_base/share/turtlebot_base/description/inertial_macros.xacro
[0.302s] -- Up-to-date: /media/sf_MacShare/turtlebot_simulator/install/turtlebot_base/share/turtlebot_base/description/camera.xacro
[0.310s] -- Up-to-date: /media/sf_MacShare/turtlebot_simulator/install/turtlebot_base/share/turtlebot_base/launch
[0.319s] -- Up-to-date: /media/sf_MacShare/turtlebot_simulator/install/turtlebot_base/share/turtlebot_base/launch/rsp.launch.py
[0.321s] -- Up-to-date: /media/sf_MacShare/turtlebot_simulator/install/turtlebot_base/share/turtlebot_base/launch/install
[0.323s] -- Up-to-date: /media/sf_MacShare/turtlebot_simulator/install/turtlebot_base/share/turtlebot_base/launch/install/setup.sh
[0.335s] -- Up-to-date: /media/sf_MacShare/turtlebot_simulator/install/turtlebot_base/share/turtlebot_base/launch/install/setup.ps1
[0.366s] -- Up-to-date: /media/sf_MacShare/turtlebot_simulator/install/turtlebot_base/share/turtlebot_base/launch/install/setup.zsh
[0.372s] -- Up-to-date: /media/sf_MacShare/turtlebot_simulator/install/turtlebot_base/share/turtlebot_base/launch/install/COLCON_IGNORE
[0.376s] -- Up-to-date: /media/sf_MacShare/turtlebot_simulator/install/turtlebot_base/share/turtlebot_base/launch/install/local_setup.sh
[0.379s] -- Up-to-date: /media/sf_MacShare/turtlebot_simulator/install/turtlebot_base/share/turtlebot_base/launch/install/local_setup.ps1
[0.382s] -- Up-to-date: /media/sf_MacShare/turtlebot_simulator/install/turtlebot_base/share/turtlebot_base/launch/install/local_setup.zsh
[0.386s] -- Up-to-date: /media/sf_MacShare/turtlebot_simulator/install/turtlebot_base/share/turtlebot_base/launch/install/_local_setup_util_sh.py
[0.388s] -- Up-to-date: /media/sf_MacShare/turtlebot_simulator/install/turtlebot_base/share/turtlebot_base/launch/install/setup.bash
[0.399s] -- Up-to-date: /media/sf_MacShare/turtlebot_simulator/install/turtlebot_base/share/turtlebot_base/launch/install/.colcon_install_layout
[0.402s] -- Up-to-date: /media/sf_MacShare/turtlebot_simulator/install/turtlebot_base/share/turtlebot_base/launch/install/local_setup.bash
[0.405s] -- Up-to-date: /media/sf_MacShare/turtlebot_simulator/install/turtlebot_base/share/turtlebot_base/launch/install/_local_setup_util_ps1.py
[0.409s] -- Up-to-date: /media/sf_MacShare/turtlebot_simulator/install/turtlebot_base/share/turtlebot_base/launch/launch_sim.launch.py
[0.412s] -- Up-to-date: /media/sf_MacShare/turtlebot_simulator/install/turtlebot_base/share/turtlebot_base/launch/log
[0.415s] -- Up-to-date: /media/sf_MacShare/turtlebot_simulator/install/turtlebot_base/share/turtlebot_base/launch/log/COLCON_IGNORE
[0.420s] -- Up-to-date: /media/sf_MacShare/turtlebot_simulator/install/turtlebot_base/share/turtlebot_base/launch/log/build_2024-10-19_23-05-09
[0.422s] -- Up-to-date: /media/sf_MacShare/turtlebot_simulator/install/turtlebot_base/share/turtlebot_base/launch/log/build_2024-10-19_23-05-09/logger_all.log
[0.425s] -- Up-to-date: /media/sf_MacShare/turtlebot_simulator/install/turtlebot_base/share/turtlebot_base/launch/log/build_2024-10-19_23-05-09/events.log
[0.429s] -- Up-to-date: /media/sf_MacShare/turtlebot_simulator/install/turtlebot_base/share/turtlebot_base/launch/build
[0.432s] -- Up-to-date: /media/sf_MacShare/turtlebot_simulator/install/turtlebot_base/share/turtlebot_base/launch/build/COLCON_IGNORE
[0.434s] -- Up-to-date: /media/sf_MacShare/turtlebot_simulator/install/turtlebot_base/share/turtlebot_base/launch/build/.built_by
[0.437s] -- Up-to-date: /media/sf_MacShare/turtlebot_simulator/install/turtlebot_base/share/turtlebot_base/worlds
[0.438s] -- Up-to-date: /media/sf_MacShare/turtlebot_simulator/install/turtlebot_base/share/turtlebot_base/worlds/empty.sdf
[0.440s] -- Up-to-date: /media/sf_MacShare/turtlebot_simulator/install/turtlebot_base/share/turtlebot_base/worlds/empty.world
[0.440s] -- Up-to-date: /media/sf_MacShare/turtlebot_simulator/install/turtlebot_base/share/ament_index/resource_index/package_run_dependencies/turtlebot_base
[0.442s] -- Up-to-date: /media/sf_MacShare/turtlebot_simulator/install/turtlebot_base/share/ament_index/resource_index/parent_prefix_path/turtlebot_base
[0.445s] -- Up-to-date: /media/sf_MacShare/turtlebot_simulator/install/turtlebot_base/share/turtlebot_base/environment/ament_prefix_path.sh
[0.446s] -- Up-to-date: /media/sf_MacShare/turtlebot_simulator/install/turtlebot_base/share/turtlebot_base/environment/ament_prefix_path.dsv
[0.449s] -- Up-to-date: /media/sf_MacShare/turtlebot_simulator/install/turtlebot_base/share/turtlebot_base/environment/path.sh
[0.451s] -- Up-to-date: /media/sf_MacShare/turtlebot_simulator/install/turtlebot_base/share/turtlebot_base/environment/path.dsv
[0.456s] -- Up-to-date: /media/sf_MacShare/turtlebot_simulator/install/turtlebot_base/share/turtlebot_base/local_setup.bash
[0.459s] -- Up-to-date: /media/sf_MacShare/turtlebot_simulator/install/turtlebot_base/share/turtlebot_base/local_setup.sh
[0.463s] -- Up-to-date: /media/sf_MacShare/turtlebot_simulator/install/turtlebot_base/share/turtlebot_base/local_setup.zsh
[0.468s] -- Up-to-date: /media/sf_MacShare/turtlebot_simulator/install/turtlebot_base/share/turtlebot_base/local_setup.dsv
[0.469s] -- Installing: /media/sf_MacShare/turtlebot_simulator/install/turtlebot_base/share/turtlebot_base/package.dsv
[0.480s] -- Up-to-date: /media/sf_MacShare/turtlebot_simulator/install/turtlebot_base/share/ament_index/resource_index/packages/turtlebot_base
[0.483s] -- Up-to-date: /media/sf_MacShare/turtlebot_simulator/install/turtlebot_base/share/turtlebot_base/cmake/turtlebot_baseConfig.cmake
[0.486s] -- Up-to-date: /media/sf_MacShare/turtlebot_simulator/install/turtlebot_base/share/turtlebot_base/cmake/turtlebot_baseConfig-version.cmake
[0.489s] -- Up-to-date: /media/sf_MacShare/turtlebot_simulator/install/turtlebot_base/share/turtlebot_base/package.xml
[0.494s] Invoked command in '/media/sf_MacShare/turtlebot_simulator/build/turtlebot_base' returned '0': CMAKE_PREFIX_PATH=${CMAKE_PREFIX_PATH}:/opt/ros/humble /usr/bin/cmake --install /media/sf_MacShare/turtlebot_simulator/build/turtlebot_base
