[0.074s] Invoking command in '/media/sf_MacShare/turtlebot_simulator/build/turtlebot_base': CMAKE_PREFIX_PATH=${CMAKE_PREFIX_PATH}:/opt/ros/humble /usr/bin/cmake --build /media/sf_MacShare/turtlebot_simulator/build/turtlebot_base -- -j12 -l12
[0.151s] Invoked command in '/media/sf_MacShare/turtlebot_simulator/build/turtlebot_base' returned '0': CMAKE_PREFIX_PATH=${CMAKE_PREFIX_PATH}:/opt/ros/humble /usr/bin/cmake --build /media/sf_MacShare/turtlebot_simulator/build/turtlebot_base -- -j12 -l12
[0.212s] Invoking command in '/media/sf_MacShare/turtlebot_simulator/build/turtlebot_base': CMAKE_PREFIX_PATH=${CMAKE_PREFIX_PATH}:/opt/ros/humble /usr/bin/cmake --install /media/sf_MacShare/turtlebot_simulator/build/turtlebot_base
[0.227s] -- Install configuration: ""
[0.230s] -- Up-to-date: /media/sf_MacShare/turtlebot_simulator/install/turtlebot_base/share/turtlebot_base/config
[0.235s] -- Up-to-date: /media/sf_MacShare/turtlebot_simulator/install/turtlebot_base/share/turtlebot_base/config/empty.yaml
[0.243s] -- Installing: /media/sf_MacShare/turtlebot_simulator/install/turtlebot_base/share/turtlebot_base/config/simulation_config.yaml
[0.265s] -- Installing: /media/sf_MacShare/turtlebot_simulator/install/turtlebot_base/share/turtlebot_base/config/simulation_config_grid.yaml
[0.281s] -- Up-to-date: /media/sf_MacShare/turtlebot_simulator/install/turtlebot_base/share/turtlebot_base/config/view_bot.rviz
[0.284s] -- Up-to-date: /media/sf_MacShare/turtlebot_simulator/install/turtlebot_base/share/turtlebot_base/description
[0.287s] -- Up-to-date: /media/sf_MacShare/turtlebot_simulator/install/turtlebot_base/share/turtlebot_base/description/.DS_Store
[0.289s] -- Up-to-date: /media/sf_MacShare/turtlebot_simulator/install/turtlebot_base/share/turtlebot_base/description/lidar.xacro
[0.293s] -- Up-to-date: /media/sf_MacShare/turtlebot_simulator/install/turtlebot_base/share/turtlebot_base/description/robot_core.xacro
[0.297s] -- Up-to-date: /media/sf_MacShare/turtlebot_simulator/install/turtlebot_base/share/turtlebot_base/description/robot.urdf.xacro
[0.300s] -- Up-to-date: /media/sf_MacShare/turtlebot_simulator/install/turtlebot_base/share/turtlebot_base/description/gazebo_control.xacro
[0.303s] -- Up-to-date: /media/sf_MacShare/turtlebot_simulator/install/turtlebot_base/share/turtlebot_base/description/inertial_macros.xacro
[0.306s] -- Up-to-date: /media/sf_MacShare/turtlebot_simulator/install/turtlebot_base/share/turtlebot_base/description/camera.xacro
[0.308s] -- Up-to-date: /media/sf_MacShare/turtlebot_simulator/install/turtlebot_base/share/turtlebot_base/launch
[0.310s] -- Up-to-date: /media/sf_MacShare/turtlebot_simulator/install/turtlebot_base/share/turtlebot_base/launch/rsp.launch.py
[0.312s] -- Up-to-date: /media/sf_MacShare/turtlebot_simulator/install/turtlebot_base/share/turtlebot_base/launch/install
[0.314s] -- Up-to-date: /media/sf_MacShare/turtlebot_simulator/install/turtlebot_base/share/turtlebot_base/launch/install/setup.sh
[0.320s] -- Up-to-date: /media/sf_MacShare/turtlebot_simulator/install/turtlebot_base/share/turtlebot_base/launch/install/setup.ps1
[0.321s] -- Up-to-date: /media/sf_MacShare/turtlebot_simulator/install/turtlebot_base/share/turtlebot_base/launch/install/setup.zsh
[0.325s] -- Up-to-date: /media/sf_MacShare/turtlebot_simulator/install/turtlebot_base/share/turtlebot_base/launch/install/COLCON_IGNORE
[0.330s] -- Up-to-date: /media/sf_MacShare/turtlebot_simulator/install/turtlebot_base/share/turtlebot_base/launch/install/local_setup.sh
[0.332s] -- Up-to-date: /media/sf_MacShare/turtlebot_simulator/install/turtlebot_base/share/turtlebot_base/launch/install/local_setup.ps1
[0.338s] -- Up-to-date: /media/sf_MacShare/turtlebot_simulator/install/turtlebot_base/share/turtlebot_base/launch/install/local_setup.zsh
[0.341s] -- Up-to-date: /media/sf_MacShare/turtlebot_simulator/install/turtlebot_base/share/turtlebot_base/launch/install/_local_setup_util_sh.py
[0.344s] -- Up-to-date: /media/sf_MacShare/turtlebot_simulator/install/turtlebot_base/share/turtlebot_base/launch/install/setup.bash
[0.352s] -- Up-to-date: /media/sf_MacShare/turtlebot_simulator/install/turtlebot_base/share/turtlebot_base/launch/install/.colcon_install_layout
[0.354s] -- Up-to-date: /media/sf_MacShare/turtlebot_simulator/install/turtlebot_base/share/turtlebot_base/launch/install/local_setup.bash
[0.358s] -- Up-to-date: /media/sf_MacShare/turtlebot_simulator/install/turtlebot_base/share/turtlebot_base/launch/install/_local_setup_util_ps1.py
[0.373s] -- Installing: /media/sf_MacShare/turtlebot_simulator/install/turtlebot_base/share/turtlebot_base/launch/launch_sim.launch.py
[0.397s] -- Up-to-date: /media/sf_MacShare/turtlebot_simulator/install/turtlebot_base/share/turtlebot_base/launch/log
[0.402s] -- Up-to-date: /media/sf_MacShare/turtlebot_simulator/install/turtlebot_base/share/turtlebot_base/launch/log/COLCON_IGNORE
[0.405s] -- Up-to-date: /media/sf_MacShare/turtlebot_simulator/install/turtlebot_base/share/turtlebot_base/launch/log/build_2024-10-19_23-05-09
[0.410s] -- Up-to-date: /media/sf_MacShare/turtlebot_simulator/install/turtlebot_base/share/turtlebot_base/launch/log/build_2024-10-19_23-05-09/logger_all.log
[0.413s] -- Up-to-date: /media/sf_MacShare/turtlebot_simulator/install/turtlebot_base/share/turtlebot_base/launch/log/build_2024-10-19_23-05-09/events.log
[0.418s] -- Up-to-date: /media/sf_MacShare/turtlebot_simulator/install/turtlebot_base/share/turtlebot_base/launch/build
[0.420s] -- Up-to-date: /media/sf_MacShare/turtlebot_simulator/install/turtlebot_base/share/turtlebot_base/launch/build/COLCON_IGNORE
[0.423s] -- Up-to-date: /media/sf_MacShare/turtlebot_simulator/install/turtlebot_base/share/turtlebot_base/launch/build/.built_by
[0.426s] -- Up-to-date: /media/sf_MacShare/turtlebot_simulator/install/turtlebot_base/share/turtlebot_base/worlds
[0.432s] -- Up-to-date: /media/sf_MacShare/turtlebot_simulator/install/turtlebot_base/share/turtlebot_base/worlds/empty.sdf
[0.435s] -- Up-to-date: /media/sf_MacShare/turtlebot_simulator/install/turtlebot_base/share/turtlebot_base/worlds/empty.world
[0.448s] -- Up-to-date: /media/sf_MacShare/turtlebot_simulator/install/turtlebot_base/share/ament_index/resource_index/package_run_dependencies/turtlebot_base
[0.454s] -- Up-to-date: /media/sf_MacShare/turtlebot_simulator/install/turtlebot_base/share/ament_index/resource_index/parent_prefix_path/turtlebot_base
[0.457s] -- Up-to-date: /media/sf_MacShare/turtlebot_simulator/install/turtlebot_base/share/turtlebot_base/environment/ament_prefix_path.sh
[0.475s] -- Up-to-date: /media/sf_MacShare/turtlebot_simulator/install/turtlebot_base/share/turtlebot_base/environment/ament_prefix_path.dsv
[0.476s] -- Up-to-date: /media/sf_MacShare/turtlebot_simulator/install/turtlebot_base/share/turtlebot_base/environment/path.sh
[0.478s] -- Up-to-date: /media/sf_MacShare/turtlebot_simulator/install/turtlebot_base/share/turtlebot_base/environment/path.dsv
[0.482s] -- Up-to-date: /media/sf_MacShare/turtlebot_simulator/install/turtlebot_base/share/turtlebot_base/local_setup.bash
[0.489s] -- Up-to-date: /media/sf_MacShare/turtlebot_simulator/install/turtlebot_base/share/turtlebot_base/local_setup.sh
[0.491s] -- Up-to-date: /media/sf_MacShare/turtlebot_simulator/install/turtlebot_base/share/turtlebot_base/local_setup.zsh
[0.494s] -- Up-to-date: /media/sf_MacShare/turtlebot_simulator/install/turtlebot_base/share/turtlebot_base/local_setup.dsv
[0.497s] -- Installing: /media/sf_MacShare/turtlebot_simulator/install/turtlebot_base/share/turtlebot_base/package.dsv
[0.520s] -- Up-to-date: /media/sf_MacShare/turtlebot_simulator/install/turtlebot_base/share/ament_index/resource_index/packages/turtlebot_base
[0.524s] -- Up-to-date: /media/sf_MacShare/turtlebot_simulator/install/turtlebot_base/share/turtlebot_base/cmake/turtlebot_baseConfig.cmake
[0.548s] -- Up-to-date: /media/sf_MacShare/turtlebot_simulator/install/turtlebot_base/share/turtlebot_base/cmake/turtlebot_baseConfig-version.cmake
[0.551s] -- Up-to-date: /media/sf_MacShare/turtlebot_simulator/install/turtlebot_base/share/turtlebot_base/package.xml
[0.567s] Invoked command in '/media/sf_MacShare/turtlebot_simulator/build/turtlebot_base' returned '0': CMAKE_PREFIX_PATH=${CMAKE_PREFIX_PATH}:/opt/ros/humble /usr/bin/cmake --install /media/sf_MacShare/turtlebot_simulator/build/turtlebot_base
