[0.058s] DEBUG:colcon:Command line arguments: ['/usr/bin/colcon', 'build']
[0.059s] DEBUG:colcon:Parsed command line arguments: Namespace(log_base=None, log_level=None, verb_name='build', build_base='build', install_base='install', merge_install=False, symlink_install=False, test_result_base=None, continue_on_error=False, executor='parallel', parallel_workers=12, event_handlers=None, ignore_user_meta=False, metas=['./colcon.meta'], base_paths=['.'], packages_ignore=None, packages_ignore_regex=None, paths=None, packages_up_to=None, packages_up_to_regex=None, packages_above=None, packages_above_and_dependencies=None, packages_above_depth=None, packages_select_by_dep=None, packages_skip_by_dep=None, packages_skip_up_to=None, packages_select_build_failed=False, packages_skip_build_finished=False, packages_select_test_failures=False, packages_skip_test_passed=False, packages_select=None, packages_skip=None, packages_select_regex=None, packages_skip_regex=None, packages_start=None, packages_end=None, allow_overriding=[], cmake_args=None, cmake_target=None, cmake_target_skip_unavailable=False, cmake_clean_cache=False, cmake_clean_first=False, cmake_force_configure=False, ament_cmake_args=None, catkin_cmake_args=None, catkin_skip_building_tests=False, mixin_files=None, mixin=None, verb_parser=<colcon_mixin.mixin.mixin_argument.MixinArgumentDecorator object at 0xef2d5160e620>, verb_extension=<colcon_core.verb.build.BuildVerb object at 0xef2d5160df60>, main=<bound method BuildVerb.main of <colcon_core.verb.build.BuildVerb object at 0xef2d5160df60>>, mixin_verb=('build',))
[0.137s] Level 1:colcon.colcon_core.package_discovery:discover_packages(colcon_meta) check parameters
[0.138s] Level 1:colcon.colcon_core.package_discovery:discover_packages(recursive) check parameters
[0.138s] Level 1:colcon.colcon_core.package_discovery:discover_packages(ignore) check parameters
[0.139s] Level 1:colcon.colcon_core.package_discovery:discover_packages(path) check parameters
[0.139s] Level 1:colcon.colcon_core.package_discovery:discover_packages(colcon_meta) discover
[0.140s] Level 1:colcon.colcon_core.package_discovery:discover_packages(recursive) discover
[0.141s] INFO:colcon.colcon_core.package_discovery:Crawling recursively for packages in '/media/sf_MacShare/turtlebot_simulator'
[0.144s] Level 1:colcon.colcon_core.package_identification:_identify(.) by extensions ['ignore', 'ignore_ament_install']
[0.145s] Level 1:colcon.colcon_core.package_identification:_identify(.) by extension 'ignore'
[0.146s] Level 1:colcon.colcon_core.package_identification:_identify(.) by extension 'ignore_ament_install'
[0.148s] Level 1:colcon.colcon_core.package_identification:_identify(.) by extensions ['colcon_pkg']
[0.149s] Level 1:colcon.colcon_core.package_identification:_identify(.) by extension 'colcon_pkg'
[0.149s] Level 1:colcon.colcon_core.package_identification:_identify(.) by extensions ['colcon_meta']
[0.150s] Level 1:colcon.colcon_core.package_identification:_identify(.) by extension 'colcon_meta'
[0.151s] Level 1:colcon.colcon_core.package_identification:_identify(.) by extensions ['ros']
[0.151s] Level 1:colcon.colcon_core.package_identification:_identify(.) by extension 'ros'
[0.159s] Level 1:colcon.colcon_core.package_identification:_identify(.) by extensions ['cmake', 'python']
[0.160s] Level 1:colcon.colcon_core.package_identification:_identify(.) by extension 'cmake'
[0.161s] Level 1:colcon.colcon_core.package_identification:_identify(.) by extension 'python'
[0.162s] Level 1:colcon.colcon_core.package_identification:_identify(.) by extensions ['python_setup_py']
[0.163s] Level 1:colcon.colcon_core.package_identification:_identify(.) by extension 'python_setup_py'
[0.165s] Level 1:colcon.colcon_core.package_identification:_identify(build) by extensions ['ignore', 'ignore_ament_install']
[0.166s] Level 1:colcon.colcon_core.package_identification:_identify(build) by extension 'ignore'
[0.166s] Level 1:colcon.colcon_core.package_identification:_identify(build) ignored
[0.168s] Level 1:colcon.colcon_core.package_identification:_identify(install) by extensions ['ignore', 'ignore_ament_install']
[0.169s] Level 1:colcon.colcon_core.package_identification:_identify(install) by extension 'ignore'
[0.169s] Level 1:colcon.colcon_core.package_identification:_identify(install) ignored
[0.172s] Level 1:colcon.colcon_core.package_identification:_identify(log) by extensions ['ignore', 'ignore_ament_install']
[0.173s] Level 1:colcon.colcon_core.package_identification:_identify(log) by extension 'ignore'
[0.173s] Level 1:colcon.colcon_core.package_identification:_identify(log) ignored
[0.176s] Level 1:colcon.colcon_core.package_identification:_identify(src) by extensions ['ignore', 'ignore_ament_install']
[0.177s] Level 1:colcon.colcon_core.package_identification:_identify(src) by extension 'ignore'
[0.178s] Level 1:colcon.colcon_core.package_identification:_identify(src) by extension 'ignore_ament_install'
[0.179s] Level 1:colcon.colcon_core.package_identification:_identify(src) by extensions ['colcon_pkg']
[0.180s] Level 1:colcon.colcon_core.package_identification:_identify(src) by extension 'colcon_pkg'
[0.180s] Level 1:colcon.colcon_core.package_identification:_identify(src) by extensions ['colcon_meta']
[0.180s] Level 1:colcon.colcon_core.package_identification:_identify(src) by extension 'colcon_meta'
[0.181s] Level 1:colcon.colcon_core.package_identification:_identify(src) by extensions ['ros']
[0.181s] Level 1:colcon.colcon_core.package_identification:_identify(src) by extension 'ros'
[0.183s] Level 1:colcon.colcon_core.package_identification:_identify(src) by extensions ['cmake', 'python']
[0.184s] Level 1:colcon.colcon_core.package_identification:_identify(src) by extension 'cmake'
[0.184s] Level 1:colcon.colcon_core.package_identification:_identify(src) by extension 'python'
[0.186s] Level 1:colcon.colcon_core.package_identification:_identify(src) by extensions ['python_setup_py']
[0.186s] Level 1:colcon.colcon_core.package_identification:_identify(src) by extension 'python_setup_py'
[0.190s] Level 1:colcon.colcon_core.package_identification:_identify(src/turtlebot_base) by extensions ['ignore', 'ignore_ament_install']
[0.191s] Level 1:colcon.colcon_core.package_identification:_identify(src/turtlebot_base) by extension 'ignore'
[0.192s] Level 1:colcon.colcon_core.package_identification:_identify(src/turtlebot_base) by extension 'ignore_ament_install'
[0.193s] Level 1:colcon.colcon_core.package_identification:_identify(src/turtlebot_base) by extensions ['colcon_pkg']
[0.194s] Level 1:colcon.colcon_core.package_identification:_identify(src/turtlebot_base) by extension 'colcon_pkg'
[0.195s] Level 1:colcon.colcon_core.package_identification:_identify(src/turtlebot_base) by extensions ['colcon_meta']
[0.196s] Level 1:colcon.colcon_core.package_identification:_identify(src/turtlebot_base) by extension 'colcon_meta'
[0.196s] Level 1:colcon.colcon_core.package_identification:_identify(src/turtlebot_base) by extensions ['ros']
[0.196s] Level 1:colcon.colcon_core.package_identification:_identify(src/turtlebot_base) by extension 'ros'
[0.202s] DEBUG:colcon.colcon_core.package_identification:Package 'src/turtlebot_base' with type 'ros.ament_cmake' and name 'turtlebot_base'
[0.203s] Level 1:colcon.colcon_core.package_discovery:discover_packages(recursive) using defaults
[0.203s] Level 1:colcon.colcon_core.package_discovery:discover_packages(ignore) discover
[0.204s] Level 1:colcon.colcon_core.package_discovery:discover_packages(ignore) using defaults
[0.204s] Level 1:colcon.colcon_core.package_discovery:discover_packages(path) discover
[0.205s] Level 1:colcon.colcon_core.package_discovery:discover_packages(path) using defaults
[0.220s] Level 1:colcon.colcon_core.package_discovery:discover_packages(prefix_path) check parameters
[0.220s] Level 1:colcon.colcon_core.package_discovery:discover_packages(prefix_path) discover
[0.242s] DEBUG:colcon.colcon_installed_package_information.package_discovery:Found 1 installed packages in /media/sf_MacShare/turtlebot_simulator/install
[0.243s] DEBUG:colcon.colcon_installed_package_information.package_discovery:Found 389 installed packages in /opt/ros/humble
[0.244s] Level 1:colcon.colcon_core.package_discovery:discover_packages(prefix_path) using defaults
[0.271s] Level 5:colcon.colcon_core.verb:set package 'turtlebot_base' build argument 'cmake_args' from command line to 'None'
[0.272s] Level 5:colcon.colcon_core.verb:set package 'turtlebot_base' build argument 'cmake_target' from command line to 'None'
[0.272s] Level 5:colcon.colcon_core.verb:set package 'turtlebot_base' build argument 'cmake_target_skip_unavailable' from command line to 'False'
[0.272s] Level 5:colcon.colcon_core.verb:set package 'turtlebot_base' build argument 'cmake_clean_cache' from command line to 'False'
[0.273s] Level 5:colcon.colcon_core.verb:set package 'turtlebot_base' build argument 'cmake_clean_first' from command line to 'False'
[0.273s] Level 5:colcon.colcon_core.verb:set package 'turtlebot_base' build argument 'cmake_force_configure' from command line to 'False'
[0.274s] Level 5:colcon.colcon_core.verb:set package 'turtlebot_base' build argument 'ament_cmake_args' from command line to 'None'
[0.275s] Level 5:colcon.colcon_core.verb:set package 'turtlebot_base' build argument 'catkin_cmake_args' from command line to 'None'
[0.275s] Level 5:colcon.colcon_core.verb:set package 'turtlebot_base' build argument 'catkin_skip_building_tests' from command line to 'False'
[0.276s] DEBUG:colcon.colcon_core.verb:Building package 'turtlebot_base' with the following arguments: {'ament_cmake_args': None, 'build_base': '/media/sf_MacShare/turtlebot_simulator/build/turtlebot_base', 'catkin_cmake_args': None, 'catkin_skip_building_tests': False, 'cmake_args': None, 'cmake_clean_cache': False, 'cmake_clean_first': False, 'cmake_force_configure': False, 'cmake_target': None, 'cmake_target_skip_unavailable': False, 'install_base': '/media/sf_MacShare/turtlebot_simulator/install/turtlebot_base', 'merge_install': False, 'path': '/media/sf_MacShare/turtlebot_simulator/src/turtlebot_base', 'symlink_install': False, 'test_result_base': None}
[0.276s] INFO:colcon.colcon_core.executor:Executing jobs using 'parallel' executor
[0.278s] DEBUG:colcon.colcon_parallel_executor.executor.parallel:run_until_complete
[0.279s] INFO:colcon.colcon_ros.task.ament_cmake.build:Building ROS package in '/media/sf_MacShare/turtlebot_simulator/src/turtlebot_base' with build type 'ament_cmake'
[0.280s] INFO:colcon.colcon_cmake.task.cmake.build:Building CMake package in '/media/sf_MacShare/turtlebot_simulator/src/turtlebot_base'
[0.283s] INFO:colcon.colcon_core.plugin_system:Skipping extension 'colcon_core.shell.bat': Not used on non-Windows systems
[0.284s] INFO:colcon.colcon_core.shell:Skip shell extension 'powershell' for command environment: Not usable outside of PowerShell
[0.285s] DEBUG:colcon.colcon_core.shell:Skip shell extension 'dsv' for command environment
[0.356s] DEBUG:colcon.colcon_core.event_handler.log_command:Invoking command in '/media/sf_MacShare/turtlebot_simulator/build/turtlebot_base': CMAKE_PREFIX_PATH=${CMAKE_PREFIX_PATH}:/opt/ros/humble /usr/bin/cmake --build /media/sf_MacShare/turtlebot_simulator/build/turtlebot_base -- -j12 -l12
[0.450s] DEBUG:colcon.colcon_core.event_handler.log_command:Invoked command in '/media/sf_MacShare/turtlebot_simulator/build/turtlebot_base' returned '0': CMAKE_PREFIX_PATH=${CMAKE_PREFIX_PATH}:/opt/ros/humble /usr/bin/cmake --build /media/sf_MacShare/turtlebot_simulator/build/turtlebot_base -- -j12 -l12
[0.506s] DEBUG:colcon.colcon_core.event_handler.log_command:Invoking command in '/media/sf_MacShare/turtlebot_simulator/build/turtlebot_base': CMAKE_PREFIX_PATH=${CMAKE_PREFIX_PATH}:/opt/ros/humble /usr/bin/cmake --install /media/sf_MacShare/turtlebot_simulator/build/turtlebot_base
[0.843s] Level 1:colcon.colcon_core.environment:create_environment_scripts_only(turtlebot_base)
[0.846s] Level 1:colcon.colcon_core.environment:checking '/media/sf_MacShare/turtlebot_simulator/install/turtlebot_base' for CMake module files
[0.853s] DEBUG:colcon.colcon_core.event_handler.log_command:Invoked command in '/media/sf_MacShare/turtlebot_simulator/build/turtlebot_base' returned '0': CMAKE_PREFIX_PATH=${CMAKE_PREFIX_PATH}:/opt/ros/humble /usr/bin/cmake --install /media/sf_MacShare/turtlebot_simulator/build/turtlebot_base
[0.871s] Level 1:colcon.colcon_core.environment:checking '/media/sf_MacShare/turtlebot_simulator/install/turtlebot_base' for CMake config files
[0.879s] Level 1:colcon.colcon_core.shell:create_environment_hook('turtlebot_base', 'cmake_prefix_path')
[0.880s] INFO:colcon.colcon_core.shell:Creating environment hook '/media/sf_MacShare/turtlebot_simulator/install/turtlebot_base/share/turtlebot_base/hook/cmake_prefix_path.ps1'
[0.883s] INFO:colcon.colcon_core.shell:Creating environment descriptor '/media/sf_MacShare/turtlebot_simulator/install/turtlebot_base/share/turtlebot_base/hook/cmake_prefix_path.dsv'
[0.886s] INFO:colcon.colcon_core.shell:Creating environment hook '/media/sf_MacShare/turtlebot_simulator/install/turtlebot_base/share/turtlebot_base/hook/cmake_prefix_path.sh'
[0.892s] Level 1:colcon.colcon_core.environment:checking '/media/sf_MacShare/turtlebot_simulator/install/turtlebot_base/bin'
[0.893s] Level 1:colcon.colcon_core.environment:checking '/media/sf_MacShare/turtlebot_simulator/install/turtlebot_base/lib/pkgconfig/turtlebot_base.pc'
[0.894s] Level 1:colcon.colcon_core.environment:checking '/media/sf_MacShare/turtlebot_simulator/install/turtlebot_base/lib/python3.10/site-packages'
[0.895s] Level 1:colcon.colcon_core.environment:checking '/media/sf_MacShare/turtlebot_simulator/install/turtlebot_base/bin'
[0.896s] INFO:colcon.colcon_core.shell:Creating package script '/media/sf_MacShare/turtlebot_simulator/install/turtlebot_base/share/turtlebot_base/package.ps1'
[0.899s] INFO:colcon.colcon_core.shell:Creating package descriptor '/media/sf_MacShare/turtlebot_simulator/install/turtlebot_base/share/turtlebot_base/package.dsv'
[0.901s] INFO:colcon.colcon_core.shell:Creating package script '/media/sf_MacShare/turtlebot_simulator/install/turtlebot_base/share/turtlebot_base/package.sh'
[0.904s] INFO:colcon.colcon_core.shell:Creating package script '/media/sf_MacShare/turtlebot_simulator/install/turtlebot_base/share/turtlebot_base/package.bash'
[0.907s] INFO:colcon.colcon_core.shell:Creating package script '/media/sf_MacShare/turtlebot_simulator/install/turtlebot_base/share/turtlebot_base/package.zsh'
[0.910s] Level 1:colcon.colcon_core.environment:create_file_with_runtime_dependencies(/media/sf_MacShare/turtlebot_simulator/install/turtlebot_base/share/colcon-core/packages/turtlebot_base)
[0.960s] Level 1:colcon.colcon_core.environment:create_environment_scripts_only(turtlebot_base)
[0.962s] Level 1:colcon.colcon_core.environment:checking '/media/sf_MacShare/turtlebot_simulator/install/turtlebot_base' for CMake module files
[0.992s] Level 1:colcon.colcon_core.environment:checking '/media/sf_MacShare/turtlebot_simulator/install/turtlebot_base' for CMake config files
[1.001s] Level 1:colcon.colcon_core.shell:create_environment_hook('turtlebot_base', 'cmake_prefix_path')
[1.002s] INFO:colcon.colcon_core.shell:Creating environment hook '/media/sf_MacShare/turtlebot_simulator/install/turtlebot_base/share/turtlebot_base/hook/cmake_prefix_path.ps1'
[1.005s] INFO:colcon.colcon_core.shell:Creating environment descriptor '/media/sf_MacShare/turtlebot_simulator/install/turtlebot_base/share/turtlebot_base/hook/cmake_prefix_path.dsv'
[1.008s] INFO:colcon.colcon_core.shell:Creating environment hook '/media/sf_MacShare/turtlebot_simulator/install/turtlebot_base/share/turtlebot_base/hook/cmake_prefix_path.sh'
[1.013s] Level 1:colcon.colcon_core.environment:checking '/media/sf_MacShare/turtlebot_simulator/install/turtlebot_base/bin'
[1.014s] Level 1:colcon.colcon_core.environment:checking '/media/sf_MacShare/turtlebot_simulator/install/turtlebot_base/lib/pkgconfig/turtlebot_base.pc'
[1.015s] Level 1:colcon.colcon_core.environment:checking '/media/sf_MacShare/turtlebot_simulator/install/turtlebot_base/lib/python3.10/site-packages'
[1.016s] Level 1:colcon.colcon_core.environment:checking '/media/sf_MacShare/turtlebot_simulator/install/turtlebot_base/bin'
[1.018s] INFO:colcon.colcon_core.shell:Creating package script '/media/sf_MacShare/turtlebot_simulator/install/turtlebot_base/share/turtlebot_base/package.ps1'
[1.020s] INFO:colcon.colcon_core.shell:Creating package descriptor '/media/sf_MacShare/turtlebot_simulator/install/turtlebot_base/share/turtlebot_base/package.dsv'
[1.031s] INFO:colcon.colcon_core.shell:Creating package script '/media/sf_MacShare/turtlebot_simulator/install/turtlebot_base/share/turtlebot_base/package.sh'
[1.032s] INFO:colcon.colcon_core.shell:Creating package script '/media/sf_MacShare/turtlebot_simulator/install/turtlebot_base/share/turtlebot_base/package.bash'
[1.037s] INFO:colcon.colcon_core.shell:Creating package script '/media/sf_MacShare/turtlebot_simulator/install/turtlebot_base/share/turtlebot_base/package.zsh'
[1.041s] Level 1:colcon.colcon_core.environment:create_file_with_runtime_dependencies(/media/sf_MacShare/turtlebot_simulator/install/turtlebot_base/share/colcon-core/packages/turtlebot_base)
[1.044s] DEBUG:colcon.colcon_parallel_executor.executor.parallel:closing loop
[1.046s] DEBUG:colcon.colcon_parallel_executor.executor.parallel:loop closed
[1.047s] DEBUG:colcon.colcon_parallel_executor.executor.parallel:run_until_complete finished with '0'
[1.048s] DEBUG:colcon.colcon_core.event_reactor:joining thread
[1.062s] INFO:colcon.colcon_core.plugin_system:Skipping extension 'colcon_notification.desktop_notification.terminal_notifier': Not used on non-Darwin systems
[1.063s] INFO:colcon.colcon_core.plugin_system:Skipping extension 'colcon_notification.desktop_notification.win32': Not used on non-Windows systems
[1.064s] INFO:colcon.colcon_notification.desktop_notification:Sending desktop notification using 'notify2'
[1.082s] DEBUG:colcon.colcon_core.event_reactor:joined thread
[1.083s] INFO:colcon.colcon_core.shell:Creating prefix script '/media/sf_MacShare/turtlebot_simulator/install/local_setup.ps1'
[1.089s] INFO:colcon.colcon_core.shell:Creating prefix util module '/media/sf_MacShare/turtlebot_simulator/install/_local_setup_util_ps1.py'
[1.095s] INFO:colcon.colcon_core.shell:Creating prefix chain script '/media/sf_MacShare/turtlebot_simulator/install/setup.ps1'
[1.106s] INFO:colcon.colcon_core.shell:Creating prefix script '/media/sf_MacShare/turtlebot_simulator/install/local_setup.sh'
[1.115s] INFO:colcon.colcon_core.shell:Creating prefix util module '/media/sf_MacShare/turtlebot_simulator/install/_local_setup_util_sh.py'
[1.121s] INFO:colcon.colcon_core.shell:Creating prefix chain script '/media/sf_MacShare/turtlebot_simulator/install/setup.sh'
[1.143s] INFO:colcon.colcon_core.shell:Creating prefix script '/media/sf_MacShare/turtlebot_simulator/install/local_setup.bash'
[1.148s] INFO:colcon.colcon_core.shell:Creating prefix chain script '/media/sf_MacShare/turtlebot_simulator/install/setup.bash'
[1.159s] INFO:colcon.colcon_core.shell:Creating prefix script '/media/sf_MacShare/turtlebot_simulator/install/local_setup.zsh'
[1.165s] INFO:colcon.colcon_core.shell:Creating prefix chain script '/media/sf_MacShare/turtlebot_simulator/install/setup.zsh'
