[0.061s] DEBUG:colcon:Command line arguments: ['/usr/bin/colcon', 'build']
[0.062s] DEBUG:colcon:Parsed command line arguments: Namespace(log_base=None, log_level=None, verb_name='build', build_base='build', install_base='install', merge_install=False, symlink_install=False, test_result_base=None, continue_on_error=False, executor='parallel', parallel_workers=12, event_handlers=None, ignore_user_meta=False, metas=['./colcon.meta'], base_paths=['.'], packages_ignore=None, packages_ignore_regex=None, paths=None, packages_up_to=None, packages_up_to_regex=None, packages_above=None, packages_above_and_dependencies=None, packages_above_depth=None, packages_select_by_dep=None, packages_skip_by_dep=None, packages_skip_up_to=None, packages_select_build_failed=False, packages_skip_build_finished=False, packages_select_test_failures=False, packages_skip_test_passed=False, packages_select=None, packages_skip=None, packages_select_regex=None, packages_skip_regex=None, packages_start=None, packages_end=None, allow_overriding=[], cmake_args=None, cmake_target=None, cmake_target_skip_unavailable=False, cmake_clean_cache=False, cmake_clean_first=False, cmake_force_configure=False, ament_cmake_args=None, catkin_cmake_args=None, catkin_skip_building_tests=False, mixin_files=None, mixin=None, verb_parser=<colcon_mixin.mixin.mixin_argument.MixinArgumentDecorator object at 0xeee4e770e6b0>, verb_extension=<colcon_core.verb.build.BuildVerb object at 0xeee4e770dff0>, main=<bound method BuildVerb.main of <colcon_core.verb.build.BuildVerb object at 0xeee4e770dff0>>, mixin_verb=('build',))
[0.144s] Level 1:colcon.colcon_core.package_discovery:discover_packages(colcon_meta) check parameters
[0.145s] Level 1:colcon.colcon_core.package_discovery:discover_packages(recursive) check parameters
[0.146s] Level 1:colcon.colcon_core.package_discovery:discover_packages(ignore) check parameters
[0.146s] Level 1:colcon.colcon_core.package_discovery:discover_packages(path) check parameters
[0.147s] Level 1:colcon.colcon_core.package_discovery:discover_packages(colcon_meta) discover
[0.147s] Level 1:colcon.colcon_core.package_discovery:discover_packages(recursive) discover
[0.148s] INFO:colcon.colcon_core.package_discovery:Crawling recursively for packages in '/media/sf_MacShare/turtlebot_simulator'
[0.150s] Level 1:colcon.colcon_core.package_identification:_identify(.) by extensions ['ignore', 'ignore_ament_install']
[0.151s] Level 1:colcon.colcon_core.package_identification:_identify(.) by extension 'ignore'
[0.151s] Level 1:colcon.colcon_core.package_identification:_identify(.) by extension 'ignore_ament_install'
[0.153s] Level 1:colcon.colcon_core.package_identification:_identify(.) by extensions ['colcon_pkg']
[0.153s] Level 1:colcon.colcon_core.package_identification:_identify(.) by extension 'colcon_pkg'
[0.154s] Level 1:colcon.colcon_core.package_identification:_identify(.) by extensions ['colcon_meta']
[0.155s] Level 1:colcon.colcon_core.package_identification:_identify(.) by extension 'colcon_meta'
[0.156s] Level 1:colcon.colcon_core.package_identification:_identify(.) by extensions ['ros']
[0.156s] Level 1:colcon.colcon_core.package_identification:_identify(.) by extension 'ros'
[0.163s] Level 1:colcon.colcon_core.package_identification:_identify(.) by extensions ['cmake', 'python']
[0.164s] Level 1:colcon.colcon_core.package_identification:_identify(.) by extension 'cmake'
[0.165s] Level 1:colcon.colcon_core.package_identification:_identify(.) by extension 'python'
[0.166s] Level 1:colcon.colcon_core.package_identification:_identify(.) by extensions ['python_setup_py']
[0.167s] Level 1:colcon.colcon_core.package_identification:_identify(.) by extension 'python_setup_py'
[0.170s] Level 1:colcon.colcon_core.package_identification:_identify(build) by extensions ['ignore', 'ignore_ament_install']
[0.170s] Level 1:colcon.colcon_core.package_identification:_identify(build) by extension 'ignore'
[0.171s] Level 1:colcon.colcon_core.package_identification:_identify(build) ignored
[0.173s] Level 1:colcon.colcon_core.package_identification:_identify(install) by extensions ['ignore', 'ignore_ament_install']
[0.173s] Level 1:colcon.colcon_core.package_identification:_identify(install) by extension 'ignore'
[0.174s] Level 1:colcon.colcon_core.package_identification:_identify(install) ignored
[0.176s] Level 1:colcon.colcon_core.package_identification:_identify(log) by extensions ['ignore', 'ignore_ament_install']
[0.177s] Level 1:colcon.colcon_core.package_identification:_identify(log) by extension 'ignore'
[0.177s] Level 1:colcon.colcon_core.package_identification:_identify(log) ignored
[0.180s] Level 1:colcon.colcon_core.package_identification:_identify(src) by extensions ['ignore', 'ignore_ament_install']
[0.180s] Level 1:colcon.colcon_core.package_identification:_identify(src) by extension 'ignore'
[0.182s] Level 1:colcon.colcon_core.package_identification:_identify(src) by extension 'ignore_ament_install'
[0.182s] Level 1:colcon.colcon_core.package_identification:_identify(src) by extensions ['colcon_pkg']
[0.183s] Level 1:colcon.colcon_core.package_identification:_identify(src) by extension 'colcon_pkg'
[0.184s] Level 1:colcon.colcon_core.package_identification:_identify(src) by extensions ['colcon_meta']
[0.184s] Level 1:colcon.colcon_core.package_identification:_identify(src) by extension 'colcon_meta'
[0.185s] Level 1:colcon.colcon_core.package_identification:_identify(src) by extensions ['ros']
[0.185s] Level 1:colcon.colcon_core.package_identification:_identify(src) by extension 'ros'
[0.188s] Level 1:colcon.colcon_core.package_identification:_identify(src) by extensions ['cmake', 'python']
[0.189s] Level 1:colcon.colcon_core.package_identification:_identify(src) by extension 'cmake'
[0.190s] Level 1:colcon.colcon_core.package_identification:_identify(src) by extension 'python'
[0.191s] Level 1:colcon.colcon_core.package_identification:_identify(src) by extensions ['python_setup_py']
[0.191s] Level 1:colcon.colcon_core.package_identification:_identify(src) by extension 'python_setup_py'
[0.194s] Level 1:colcon.colcon_core.package_identification:_identify(src/turtlebot_base) by extensions ['ignore', 'ignore_ament_install']
[0.195s] Level 1:colcon.colcon_core.package_identification:_identify(src/turtlebot_base) by extension 'ignore'
[0.196s] Level 1:colcon.colcon_core.package_identification:_identify(src/turtlebot_base) by extension 'ignore_ament_install'
[0.197s] Level 1:colcon.colcon_core.package_identification:_identify(src/turtlebot_base) by extensions ['colcon_pkg']
[0.197s] Level 1:colcon.colcon_core.package_identification:_identify(src/turtlebot_base) by extension 'colcon_pkg'
[0.197s] Level 1:colcon.colcon_core.package_identification:_identify(src/turtlebot_base) by extensions ['colcon_meta']
[0.197s] Level 1:colcon.colcon_core.package_identification:_identify(src/turtlebot_base) by extension 'colcon_meta'
[0.198s] Level 1:colcon.colcon_core.package_identification:_identify(src/turtlebot_base) by extensions ['ros']
[0.198s] Level 1:colcon.colcon_core.package_identification:_identify(src/turtlebot_base) by extension 'ros'
[0.204s] DEBUG:colcon.colcon_core.package_identification:Package 'src/turtlebot_base' with type 'ros.ament_cmake' and name 'turtlebot_base'
[0.204s] Level 1:colcon.colcon_core.package_discovery:discover_packages(recursive) using defaults
[0.204s] Level 1:colcon.colcon_core.package_discovery:discover_packages(ignore) discover
[0.205s] Level 1:colcon.colcon_core.package_discovery:discover_packages(ignore) using defaults
[0.205s] Level 1:colcon.colcon_core.package_discovery:discover_packages(path) discover
[0.206s] Level 1:colcon.colcon_core.package_discovery:discover_packages(path) using defaults
[0.221s] Level 1:colcon.colcon_core.package_discovery:discover_packages(prefix_path) check parameters
[0.222s] Level 1:colcon.colcon_core.package_discovery:discover_packages(prefix_path) discover
[0.240s] DEBUG:colcon.colcon_installed_package_information.package_discovery:Found 1 installed packages in /media/sf_MacShare/turtlebot_simulator/install
[0.241s] DEBUG:colcon.colcon_installed_package_information.package_discovery:Found 389 installed packages in /opt/ros/humble
[0.243s] Level 1:colcon.colcon_core.package_discovery:discover_packages(prefix_path) using defaults
[0.270s] Level 5:colcon.colcon_core.verb:set package 'turtlebot_base' build argument 'cmake_args' from command line to 'None'
[0.270s] Level 5:colcon.colcon_core.verb:set package 'turtlebot_base' build argument 'cmake_target' from command line to 'None'
[0.271s] Level 5:colcon.colcon_core.verb:set package 'turtlebot_base' build argument 'cmake_target_skip_unavailable' from command line to 'False'
[0.271s] Level 5:colcon.colcon_core.verb:set package 'turtlebot_base' build argument 'cmake_clean_cache' from command line to 'False'
[0.272s] Level 5:colcon.colcon_core.verb:set package 'turtlebot_base' build argument 'cmake_clean_first' from command line to 'False'
[0.272s] Level 5:colcon.colcon_core.verb:set package 'turtlebot_base' build argument 'cmake_force_configure' from command line to 'False'
[0.272s] Level 5:colcon.colcon_core.verb:set package 'turtlebot_base' build argument 'ament_cmake_args' from command line to 'None'
[0.273s] Level 5:colcon.colcon_core.verb:set package 'turtlebot_base' build argument 'catkin_cmake_args' from command line to 'None'
[0.273s] Level 5:colcon.colcon_core.verb:set package 'turtlebot_base' build argument 'catkin_skip_building_tests' from command line to 'False'
[0.274s] DEBUG:colcon.colcon_core.verb:Building package 'turtlebot_base' with the following arguments: {'ament_cmake_args': None, 'build_base': '/media/sf_MacShare/turtlebot_simulator/build/turtlebot_base', 'catkin_cmake_args': None, 'catkin_skip_building_tests': False, 'cmake_args': None, 'cmake_clean_cache': False, 'cmake_clean_first': False, 'cmake_force_configure': False, 'cmake_target': None, 'cmake_target_skip_unavailable': False, 'install_base': '/media/sf_MacShare/turtlebot_simulator/install/turtlebot_base', 'merge_install': False, 'path': '/media/sf_MacShare/turtlebot_simulator/src/turtlebot_base', 'symlink_install': False, 'test_result_base': None}
[0.275s] INFO:colcon.colcon_core.executor:Executing jobs using 'parallel' executor
[0.276s] DEBUG:colcon.colcon_parallel_executor.executor.parallel:run_until_complete
[0.278s] INFO:colcon.colcon_ros.task.ament_cmake.build:Building ROS package in '/media/sf_MacShare/turtlebot_simulator/src/turtlebot_base' with build type 'ament_cmake'
[0.278s] INFO:colcon.colcon_cmake.task.cmake.build:Building CMake package in '/media/sf_MacShare/turtlebot_simulator/src/turtlebot_base'
[0.280s] INFO:colcon.colcon_core.plugin_system:Skipping extension 'colcon_core.shell.bat': Not used on non-Windows systems
[0.281s] INFO:colcon.colcon_core.shell:Skip shell extension 'powershell' for command environment: Not usable outside of PowerShell
[0.281s] DEBUG:colcon.colcon_core.shell:Skip shell extension 'dsv' for command environment
[0.344s] DEBUG:colcon.colcon_core.event_handler.log_command:Invoking command in '/media/sf_MacShare/turtlebot_simulator/build/turtlebot_base': CMAKE_PREFIX_PATH=${CMAKE_PREFIX_PATH}:/opt/ros/humble /usr/bin/cmake --build /media/sf_MacShare/turtlebot_simulator/build/turtlebot_base -- -j12 -l12
[0.419s] DEBUG:colcon.colcon_core.event_handler.log_command:Invoked command in '/media/sf_MacShare/turtlebot_simulator/build/turtlebot_base' returned '0': CMAKE_PREFIX_PATH=${CMAKE_PREFIX_PATH}:/opt/ros/humble /usr/bin/cmake --build /media/sf_MacShare/turtlebot_simulator/build/turtlebot_base -- -j12 -l12
[0.487s] DEBUG:colcon.colcon_core.event_handler.log_command:Invoking command in '/media/sf_MacShare/turtlebot_simulator/build/turtlebot_base': CMAKE_PREFIX_PATH=${CMAKE_PREFIX_PATH}:/opt/ros/humble /usr/bin/cmake --install /media/sf_MacShare/turtlebot_simulator/build/turtlebot_base
[0.798s] Level 1:colcon.colcon_core.environment:create_environment_scripts_only(turtlebot_base)
[0.800s] Level 1:colcon.colcon_core.environment:checking '/media/sf_MacShare/turtlebot_simulator/install/turtlebot_base' for CMake module files
[0.801s] DEBUG:colcon.colcon_core.event_handler.log_command:Invoked command in '/media/sf_MacShare/turtlebot_simulator/build/turtlebot_base' returned '0': CMAKE_PREFIX_PATH=${CMAKE_PREFIX_PATH}:/opt/ros/humble /usr/bin/cmake --install /media/sf_MacShare/turtlebot_simulator/build/turtlebot_base
[0.829s] Level 1:colcon.colcon_core.environment:checking '/media/sf_MacShare/turtlebot_simulator/install/turtlebot_base' for CMake config files
[0.837s] Level 1:colcon.colcon_core.shell:create_environment_hook('turtlebot_base', 'cmake_prefix_path')
[0.837s] INFO:colcon.colcon_core.shell:Creating environment hook '/media/sf_MacShare/turtlebot_simulator/install/turtlebot_base/share/turtlebot_base/hook/cmake_prefix_path.ps1'
[0.841s] INFO:colcon.colcon_core.shell:Creating environment descriptor '/media/sf_MacShare/turtlebot_simulator/install/turtlebot_base/share/turtlebot_base/hook/cmake_prefix_path.dsv'
[0.844s] INFO:colcon.colcon_core.shell:Creating environment hook '/media/sf_MacShare/turtlebot_simulator/install/turtlebot_base/share/turtlebot_base/hook/cmake_prefix_path.sh'
[0.849s] Level 1:colcon.colcon_core.environment:checking '/media/sf_MacShare/turtlebot_simulator/install/turtlebot_base/bin'
[0.850s] Level 1:colcon.colcon_core.environment:checking '/media/sf_MacShare/turtlebot_simulator/install/turtlebot_base/lib/pkgconfig/turtlebot_base.pc'
[0.851s] Level 1:colcon.colcon_core.environment:checking '/media/sf_MacShare/turtlebot_simulator/install/turtlebot_base/lib/python3.10/site-packages'
[0.852s] Level 1:colcon.colcon_core.environment:checking '/media/sf_MacShare/turtlebot_simulator/install/turtlebot_base/bin'
[0.853s] INFO:colcon.colcon_core.shell:Creating package script '/media/sf_MacShare/turtlebot_simulator/install/turtlebot_base/share/turtlebot_base/package.ps1'
[0.856s] INFO:colcon.colcon_core.shell:Creating package descriptor '/media/sf_MacShare/turtlebot_simulator/install/turtlebot_base/share/turtlebot_base/package.dsv'
[0.858s] INFO:colcon.colcon_core.shell:Creating package script '/media/sf_MacShare/turtlebot_simulator/install/turtlebot_base/share/turtlebot_base/package.sh'
[0.861s] INFO:colcon.colcon_core.shell:Creating package script '/media/sf_MacShare/turtlebot_simulator/install/turtlebot_base/share/turtlebot_base/package.bash'
[0.864s] INFO:colcon.colcon_core.shell:Creating package script '/media/sf_MacShare/turtlebot_simulator/install/turtlebot_base/share/turtlebot_base/package.zsh'
[0.866s] Level 1:colcon.colcon_core.environment:create_file_with_runtime_dependencies(/media/sf_MacShare/turtlebot_simulator/install/turtlebot_base/share/colcon-core/packages/turtlebot_base)
[0.919s] Level 1:colcon.colcon_core.environment:create_environment_scripts_only(turtlebot_base)
[0.921s] Level 1:colcon.colcon_core.environment:checking '/media/sf_MacShare/turtlebot_simulator/install/turtlebot_base' for CMake module files
[0.945s] Level 1:colcon.colcon_core.environment:checking '/media/sf_MacShare/turtlebot_simulator/install/turtlebot_base' for CMake config files
[0.952s] Level 1:colcon.colcon_core.shell:create_environment_hook('turtlebot_base', 'cmake_prefix_path')
[0.952s] INFO:colcon.colcon_core.shell:Creating environment hook '/media/sf_MacShare/turtlebot_simulator/install/turtlebot_base/share/turtlebot_base/hook/cmake_prefix_path.ps1'
[0.956s] INFO:colcon.colcon_core.shell:Creating environment descriptor '/media/sf_MacShare/turtlebot_simulator/install/turtlebot_base/share/turtlebot_base/hook/cmake_prefix_path.dsv'
[0.959s] INFO:colcon.colcon_core.shell:Creating environment hook '/media/sf_MacShare/turtlebot_simulator/install/turtlebot_base/share/turtlebot_base/hook/cmake_prefix_path.sh'
[0.964s] Level 1:colcon.colcon_core.environment:checking '/media/sf_MacShare/turtlebot_simulator/install/turtlebot_base/bin'
[0.965s] Level 1:colcon.colcon_core.environment:checking '/media/sf_MacShare/turtlebot_simulator/install/turtlebot_base/lib/pkgconfig/turtlebot_base.pc'
[0.966s] Level 1:colcon.colcon_core.environment:checking '/media/sf_MacShare/turtlebot_simulator/install/turtlebot_base/lib/python3.10/site-packages'
[0.967s] Level 1:colcon.colcon_core.environment:checking '/media/sf_MacShare/turtlebot_simulator/install/turtlebot_base/bin'
[0.967s] INFO:colcon.colcon_core.shell:Creating package script '/media/sf_MacShare/turtlebot_simulator/install/turtlebot_base/share/turtlebot_base/package.ps1'
[0.970s] INFO:colcon.colcon_core.shell:Creating package descriptor '/media/sf_MacShare/turtlebot_simulator/install/turtlebot_base/share/turtlebot_base/package.dsv'
[0.973s] INFO:colcon.colcon_core.shell:Creating package script '/media/sf_MacShare/turtlebot_simulator/install/turtlebot_base/share/turtlebot_base/package.sh'
[0.976s] INFO:colcon.colcon_core.shell:Creating package script '/media/sf_MacShare/turtlebot_simulator/install/turtlebot_base/share/turtlebot_base/package.bash'
[0.978s] INFO:colcon.colcon_core.shell:Creating package script '/media/sf_MacShare/turtlebot_simulator/install/turtlebot_base/share/turtlebot_base/package.zsh'
[0.981s] Level 1:colcon.colcon_core.environment:create_file_with_runtime_dependencies(/media/sf_MacShare/turtlebot_simulator/install/turtlebot_base/share/colcon-core/packages/turtlebot_base)
[0.983s] DEBUG:colcon.colcon_parallel_executor.executor.parallel:closing loop
[0.984s] DEBUG:colcon.colcon_parallel_executor.executor.parallel:loop closed
[0.985s] DEBUG:colcon.colcon_parallel_executor.executor.parallel:run_until_complete finished with '0'
[0.987s] DEBUG:colcon.colcon_core.event_reactor:joining thread
[0.997s] INFO:colcon.colcon_core.plugin_system:Skipping extension 'colcon_notification.desktop_notification.terminal_notifier': Not used on non-Darwin systems
[0.998s] INFO:colcon.colcon_core.plugin_system:Skipping extension 'colcon_notification.desktop_notification.win32': Not used on non-Windows systems
[0.998s] INFO:colcon.colcon_notification.desktop_notification:Sending desktop notification using 'notify2'
[1.021s] DEBUG:colcon.colcon_core.event_reactor:joined thread
[1.023s] INFO:colcon.colcon_core.shell:Creating prefix script '/media/sf_MacShare/turtlebot_simulator/install/local_setup.ps1'
[1.029s] INFO:colcon.colcon_core.shell:Creating prefix util module '/media/sf_MacShare/turtlebot_simulator/install/_local_setup_util_ps1.py'
[1.035s] INFO:colcon.colcon_core.shell:Creating prefix chain script '/media/sf_MacShare/turtlebot_simulator/install/setup.ps1'
[1.043s] INFO:colcon.colcon_core.shell:Creating prefix script '/media/sf_MacShare/turtlebot_simulator/install/local_setup.sh'
[1.048s] INFO:colcon.colcon_core.shell:Creating prefix util module '/media/sf_MacShare/turtlebot_simulator/install/_local_setup_util_sh.py'
[1.054s] INFO:colcon.colcon_core.shell:Creating prefix chain script '/media/sf_MacShare/turtlebot_simulator/install/setup.sh'
[1.065s] INFO:colcon.colcon_core.shell:Creating prefix script '/media/sf_MacShare/turtlebot_simulator/install/local_setup.bash'
[1.070s] INFO:colcon.colcon_core.shell:Creating prefix chain script '/media/sf_MacShare/turtlebot_simulator/install/setup.bash'
[1.082s] INFO:colcon.colcon_core.shell:Creating prefix script '/media/sf_MacShare/turtlebot_simulator/install/local_setup.zsh'
[1.088s] INFO:colcon.colcon_core.shell:Creating prefix chain script '/media/sf_MacShare/turtlebot_simulator/install/setup.zsh'
