-- The C compiler identification is GNU 11.4.0
-- The CXX compiler identification is GNU 11.4.0
-- Detecting C compiler ABI info
-- Detecting C compiler ABI info - done
-- Check for working C compiler: /usr/bin/cc - skipped
-- Detecting C compile features
-- Detecting C compile features - done
-- Detecting CXX compiler ABI info
-- Detecting CXX compiler ABI info - done
-- Check for working CXX compiler: /usr/bin/c++ - skipped
-- Detecting CXX compile features
-- Detecting CXX compile features - done
-- Found ament_cmake: 1.3.10 (/opt/ros/humble/share/ament_cmake/cmake)
-- Found Python3: /usr/bin/python3 (found version "3.10.12") found components: Interpreter 
-- Found ament_lint_auto: 0.12.11 (/opt/ros/humble/share/ament_lint_auto/cmake)
-- Added test 'flake8' to check Python code syntax and style conventions
-- Added test 'lint_cmake' to check CMake code style
-- Added test 'pep257' to check Python code against some of the docstring style conventions in PEP 257
-- Added test 'xmllint' to check XML markup files
-- Configuring done
-- Generating done
-- Build files have been written to: /media/sf_MacShare/turtlebot_simulator/build/turtlebot_base
gmake: Warning: File 'Makefile' has modification time 26 s in the future
gmake[1]: Warning: File 'CMakeFiles/Makefile2' has modification time 26 s in the future
gmake[1]: warning:  Clock skew detected.  Your build may be incomplete.
gmake: warning:  Clock skew detected.  Your build may be incomplete.
-- Install configuration: ""
-- Installing: /media/sf_MacShare/turtlebot_simulator/install/turtlebot_base/share/ament_index/resource_index/package_run_dependencies/turtlebot_base
-- Installing: /media/sf_MacShare/turtlebot_simulator/install/turtlebot_base/share/ament_index/resource_index/parent_prefix_path/turtlebot_base
-- Installing: /media/sf_MacShare/turtlebot_simulator/install/turtlebot_base/share/turtlebot_base/environment/ament_prefix_path.sh
-- Installing: /media/sf_MacShare/turtlebot_simulator/install/turtlebot_base/share/turtlebot_base/environment/ament_prefix_path.dsv
-- Installing: /media/sf_MacShare/turtlebot_simulator/install/turtlebot_base/share/turtlebot_base/environment/path.sh
-- Installing: /media/sf_MacShare/turtlebot_simulator/install/turtlebot_base/share/turtlebot_base/environment/path.dsv
-- Installing: /media/sf_MacShare/turtlebot_simulator/install/turtlebot_base/share/turtlebot_base/local_setup.bash
-- Installing: /media/sf_MacShare/turtlebot_simulator/install/turtlebot_base/share/turtlebot_base/local_setup.sh
-- Installing: /media/sf_MacShare/turtlebot_simulator/install/turtlebot_base/share/turtlebot_base/local_setup.zsh
-- Installing: /media/sf_MacShare/turtlebot_simulator/install/turtlebot_base/share/turtlebot_base/local_setup.dsv
-- Installing: /media/sf_MacShare/turtlebot_simulator/install/turtlebot_base/share/turtlebot_base/package.dsv
-- Installing: /media/sf_MacShare/turtlebot_simulator/install/turtlebot_base/share/ament_index/resource_index/packages/turtlebot_base
-- Installing: /media/sf_MacShare/turtlebot_simulator/install/turtlebot_base/share/turtlebot_base/cmake/turtlebot_baseConfig.cmake
-- Installing: /media/sf_MacShare/turtlebot_simulator/install/turtlebot_base/share/turtlebot_base/cmake/turtlebot_baseConfig-version.cmake
-- Installing: /media/sf_MacShare/turtlebot_simulator/install/turtlebot_base/share/turtlebot_base/package.xml
