[0.104s] Invoking command in '/media/sf_MacShare/turtlebot_simulator/build/turtlebot_base': CMAKE_PREFIX_PATH=${CMAKE_PREFIX_PATH}:/opt/ros/humble /usr/bin/cmake --build /media/sf_MacShare/turtlebot_simulator/build/turtlebot_base -- -j12 -l12
[0.228s] Invoked command in '/media/sf_MacShare/turtlebot_simulator/build/turtlebot_base' returned '0': CMAKE_PREFIX_PATH=${CMAKE_PREFIX_PATH}:/opt/ros/humble /usr/bin/cmake --build /media/sf_MacShare/turtlebot_simulator/build/turtlebot_base -- -j12 -l12
[0.313s] Invoking command in '/media/sf_MacShare/turtlebot_simulator/build/turtlebot_base': CMAKE_PREFIX_PATH=${CMAKE_PREFIX_PATH}:/opt/ros/humble /usr/bin/cmake --install /media/sf_MacShare/turtlebot_simulator/build/turtlebot_base
[0.329s] -- Install configuration: ""
[0.331s] -- Up-to-date: /media/sf_MacShare/turtlebot_simulator/install/turtlebot_base/share/turtlebot_base/config
[0.352s] -- Up-to-date: /media/sf_MacShare/turtlebot_simulator/install/turtlebot_base/share/turtlebot_base/config/empty.yaml
[0.359s] -- Up-to-date: /media/sf_MacShare/turtlebot_simulator/install/turtlebot_base/share/turtlebot_base/config/view_bot.rviz
[0.363s] -- Up-to-date: /media/sf_MacShare/turtlebot_simulator/install/turtlebot_base/share/turtlebot_base/description
[0.365s] -- Up-to-date: /media/sf_MacShare/turtlebot_simulator/install/turtlebot_base/share/turtlebot_base/description/.DS_Store
[0.371s] -- Up-to-date: /media/sf_MacShare/turtlebot_simulator/install/turtlebot_base/share/turtlebot_base/description/lidar.xacro
[0.376s] -- Up-to-date: /media/sf_MacShare/turtlebot_simulator/install/turtlebot_base/share/turtlebot_base/description/robot_core.xacro
[0.383s] -- Up-to-date: /media/sf_MacShare/turtlebot_simulator/install/turtlebot_base/share/turtlebot_base/description/robot.urdf.xacro
[0.386s] -- Up-to-date: /media/sf_MacShare/turtlebot_simulator/install/turtlebot_base/share/turtlebot_base/description/gazebo_control.xacro
[0.396s] -- Up-to-date: /media/sf_MacShare/turtlebot_simulator/install/turtlebot_base/share/turtlebot_base/description/inertial_macros.xacro
[0.410s] -- Up-to-date: /media/sf_MacShare/turtlebot_simulator/install/turtlebot_base/share/turtlebot_base/description/camera.xacro
[0.424s] -- Up-to-date: /media/sf_MacShare/turtlebot_simulator/install/turtlebot_base/share/turtlebot_base/launch
[0.440s] -- Up-to-date: /media/sf_MacShare/turtlebot_simulator/install/turtlebot_base/share/turtlebot_base/launch/rsp.launch.py
[0.448s] -- Up-to-date: /media/sf_MacShare/turtlebot_simulator/install/turtlebot_base/share/turtlebot_base/launch/install
[0.454s] -- Up-to-date: /media/sf_MacShare/turtlebot_simulator/install/turtlebot_base/share/turtlebot_base/launch/install/setup.sh
[0.458s] -- Up-to-date: /media/sf_MacShare/turtlebot_simulator/install/turtlebot_base/share/turtlebot_base/launch/install/setup.ps1
[0.462s] -- Up-to-date: /media/sf_MacShare/turtlebot_simulator/install/turtlebot_base/share/turtlebot_base/launch/install/setup.zsh
[0.473s] -- Up-to-date: /media/sf_MacShare/turtlebot_simulator/install/turtlebot_base/share/turtlebot_base/launch/install/COLCON_IGNORE
[0.476s] -- Up-to-date: /media/sf_MacShare/turtlebot_simulator/install/turtlebot_base/share/turtlebot_base/launch/install/local_setup.sh
[0.485s] -- Up-to-date: /media/sf_MacShare/turtlebot_simulator/install/turtlebot_base/share/turtlebot_base/launch/install/local_setup.ps1
[0.493s] -- Up-to-date: /media/sf_MacShare/turtlebot_simulator/install/turtlebot_base/share/turtlebot_base/launch/install/local_setup.zsh
[0.499s] -- Up-to-date: /media/sf_MacShare/turtlebot_simulator/install/turtlebot_base/share/turtlebot_base/launch/install/_local_setup_util_sh.py
[0.503s] -- Up-to-date: /media/sf_MacShare/turtlebot_simulator/install/turtlebot_base/share/turtlebot_base/launch/install/setup.bash
[0.512s] -- Up-to-date: /media/sf_MacShare/turtlebot_simulator/install/turtlebot_base/share/turtlebot_base/launch/install/.colcon_install_layout
[0.524s] -- Up-to-date: /media/sf_MacShare/turtlebot_simulator/install/turtlebot_base/share/turtlebot_base/launch/install/local_setup.bash
[0.549s] -- Up-to-date: /media/sf_MacShare/turtlebot_simulator/install/turtlebot_base/share/turtlebot_base/launch/install/_local_setup_util_ps1.py
[0.558s] -- Installing: /media/sf_MacShare/turtlebot_simulator/install/turtlebot_base/share/turtlebot_base/launch/launch_sim.launch.py
[0.590s] -- Up-to-date: /media/sf_MacShare/turtlebot_simulator/install/turtlebot_base/share/turtlebot_base/launch/log
[0.599s] -- Up-to-date: /media/sf_MacShare/turtlebot_simulator/install/turtlebot_base/share/turtlebot_base/launch/log/COLCON_IGNORE
[0.611s] -- Up-to-date: /media/sf_MacShare/turtlebot_simulator/install/turtlebot_base/share/turtlebot_base/launch/log/build_2024-10-19_23-05-09
[0.624s] -- Up-to-date: /media/sf_MacShare/turtlebot_simulator/install/turtlebot_base/share/turtlebot_base/launch/log/build_2024-10-19_23-05-09/logger_all.log
[0.627s] -- Up-to-date: /media/sf_MacShare/turtlebot_simulator/install/turtlebot_base/share/turtlebot_base/launch/log/build_2024-10-19_23-05-09/events.log
[0.633s] -- Up-to-date: /media/sf_MacShare/turtlebot_simulator/install/turtlebot_base/share/turtlebot_base/launch/build
[0.636s] -- Up-to-date: /media/sf_MacShare/turtlebot_simulator/install/turtlebot_base/share/turtlebot_base/launch/build/COLCON_IGNORE
[0.645s] -- Up-to-date: /media/sf_MacShare/turtlebot_simulator/install/turtlebot_base/share/turtlebot_base/launch/build/.built_by
[0.649s] -- Up-to-date: /media/sf_MacShare/turtlebot_simulator/install/turtlebot_base/share/turtlebot_base/worlds
[0.657s] -- Up-to-date: /media/sf_MacShare/turtlebot_simulator/install/turtlebot_base/share/turtlebot_base/worlds/empty.sdf
[0.664s] -- Up-to-date: /media/sf_MacShare/turtlebot_simulator/install/turtlebot_base/share/turtlebot_base/worlds/empty.world
[0.671s] -- Up-to-date: /media/sf_MacShare/turtlebot_simulator/install/turtlebot_base/share/ament_index/resource_index/package_run_dependencies/turtlebot_base
[0.682s] -- Up-to-date: /media/sf_MacShare/turtlebot_simulator/install/turtlebot_base/share/ament_index/resource_index/parent_prefix_path/turtlebot_base
[0.690s] -- Up-to-date: /media/sf_MacShare/turtlebot_simulator/install/turtlebot_base/share/turtlebot_base/environment/ament_prefix_path.sh
[0.693s] -- Up-to-date: /media/sf_MacShare/turtlebot_simulator/install/turtlebot_base/share/turtlebot_base/environment/ament_prefix_path.dsv
[0.699s] -- Up-to-date: /media/sf_MacShare/turtlebot_simulator/install/turtlebot_base/share/turtlebot_base/environment/path.sh
[0.707s] -- Up-to-date: /media/sf_MacShare/turtlebot_simulator/install/turtlebot_base/share/turtlebot_base/environment/path.dsv
[0.712s] -- Up-to-date: /media/sf_MacShare/turtlebot_simulator/install/turtlebot_base/share/turtlebot_base/local_setup.bash
[0.716s] -- Up-to-date: /media/sf_MacShare/turtlebot_simulator/install/turtlebot_base/share/turtlebot_base/local_setup.sh
[0.721s] -- Up-to-date: /media/sf_MacShare/turtlebot_simulator/install/turtlebot_base/share/turtlebot_base/local_setup.zsh
[0.726s] -- Up-to-date: /media/sf_MacShare/turtlebot_simulator/install/turtlebot_base/share/turtlebot_base/local_setup.dsv
[0.733s] -- Installing: /media/sf_MacShare/turtlebot_simulator/install/turtlebot_base/share/turtlebot_base/package.dsv
[0.772s] -- Up-to-date: /media/sf_MacShare/turtlebot_simulator/install/turtlebot_base/share/ament_index/resource_index/packages/turtlebot_base
[0.777s] -- Up-to-date: /media/sf_MacShare/turtlebot_simulator/install/turtlebot_base/share/turtlebot_base/cmake/turtlebot_baseConfig.cmake
[0.782s] -- Up-to-date: /media/sf_MacShare/turtlebot_simulator/install/turtlebot_base/share/turtlebot_base/cmake/turtlebot_baseConfig-version.cmake
[0.785s] -- Up-to-date: /media/sf_MacShare/turtlebot_simulator/install/turtlebot_base/share/turtlebot_base/package.xml
[0.803s] Invoked command in '/media/sf_MacShare/turtlebot_simulator/build/turtlebot_base' returned '0': CMAKE_PREFIX_PATH=${CMAKE_PREFIX_PATH}:/opt/ros/humble /usr/bin/cmake --install /media/sf_MacShare/turtlebot_simulator/build/turtlebot_base
