[0.450s] DEBUG:colcon:Command line arguments: ['/usr/bin/colcon', 'build']
[0.451s] DEBUG:colcon:Parsed command line arguments: Namespace(log_base=None, log_level=None, verb_name='build', build_base='build', install_base='install', merge_install=False, symlink_install=False, test_result_base=None, continue_on_error=False, executor='parallel', parallel_workers=12, event_handlers=None, ignore_user_meta=False, metas=['./colcon.meta'], base_paths=['.'], packages_ignore=None, packages_ignore_regex=None, paths=None, packages_up_to=None, packages_up_to_regex=None, packages_above=None, packages_above_and_dependencies=None, packages_above_depth=None, packages_select_by_dep=None, packages_skip_by_dep=None, packages_skip_up_to=None, packages_select_build_failed=False, packages_skip_build_finished=False, packages_select_test_failures=False, packages_skip_test_passed=False, packages_select=None, packages_skip=None, packages_select_regex=None, packages_skip_regex=None, packages_start=None, packages_end=None, allow_overriding=[], cmake_args=None, cmake_target=None, cmake_target_skip_unavailable=False, cmake_clean_cache=False, cmake_clean_first=False, cmake_force_configure=False, ament_cmake_args=None, catkin_cmake_args=None, catkin_skip_building_tests=False, mixin_files=None, mixin=None, verb_parser=<colcon_mixin.mixin.mixin_argument.MixinArgumentDecorator object at 0xf5b11226a7d0>, verb_extension=<colcon_core.verb.build.BuildVerb object at 0xf5b11226a110>, main=<bound method BuildVerb.main of <colcon_core.verb.build.BuildVerb object at 0xf5b11226a110>>, mixin_verb=('build',))
[1.216s] Level 1:colcon.colcon_core.package_discovery:discover_packages(colcon_meta) check parameters
[1.218s] Level 1:colcon.colcon_core.package_discovery:discover_packages(recursive) check parameters
[1.219s] Level 1:colcon.colcon_core.package_discovery:discover_packages(ignore) check parameters
[1.220s] Level 1:colcon.colcon_core.package_discovery:discover_packages(path) check parameters
[1.220s] Level 1:colcon.colcon_core.package_discovery:discover_packages(colcon_meta) discover
[1.221s] Level 1:colcon.colcon_core.package_discovery:discover_packages(recursive) discover
[1.222s] INFO:colcon.colcon_core.package_discovery:Crawling recursively for packages in '/media/sf_MacShare/turtlebot_simulator'
[1.224s] Level 1:colcon.colcon_core.package_identification:_identify(.) by extensions ['ignore', 'ignore_ament_install']
[1.224s] Level 1:colcon.colcon_core.package_identification:_identify(.) by extension 'ignore'
[1.226s] Level 1:colcon.colcon_core.package_identification:_identify(.) by extension 'ignore_ament_install'
[1.227s] Level 1:colcon.colcon_core.package_identification:_identify(.) by extensions ['colcon_pkg']
[1.228s] Level 1:colcon.colcon_core.package_identification:_identify(.) by extension 'colcon_pkg'
[1.229s] Level 1:colcon.colcon_core.package_identification:_identify(.) by extensions ['colcon_meta']
[1.229s] Level 1:colcon.colcon_core.package_identification:_identify(.) by extension 'colcon_meta'
[1.232s] Level 1:colcon.colcon_core.package_identification:_identify(.) by extensions ['ros']
[1.232s] Level 1:colcon.colcon_core.package_identification:_identify(.) by extension 'ros'
[1.252s] Level 1:colcon.colcon_core.package_identification:_identify(.) by extensions ['cmake', 'python']
[1.253s] Level 1:colcon.colcon_core.package_identification:_identify(.) by extension 'cmake'
[1.254s] Level 1:colcon.colcon_core.package_identification:_identify(.) by extension 'python'
[1.255s] Level 1:colcon.colcon_core.package_identification:_identify(.) by extensions ['python_setup_py']
[1.256s] Level 1:colcon.colcon_core.package_identification:_identify(.) by extension 'python_setup_py'
[1.260s] Level 1:colcon.colcon_core.package_identification:_identify(build) by extensions ['ignore', 'ignore_ament_install']
[1.261s] Level 1:colcon.colcon_core.package_identification:_identify(build) by extension 'ignore'
[1.262s] Level 1:colcon.colcon_core.package_identification:_identify(build) ignored
[1.266s] Level 1:colcon.colcon_core.package_identification:_identify(install) by extensions ['ignore', 'ignore_ament_install']
[1.267s] Level 1:colcon.colcon_core.package_identification:_identify(install) by extension 'ignore'
[1.269s] Level 1:colcon.colcon_core.package_identification:_identify(install) ignored
[1.272s] Level 1:colcon.colcon_core.package_identification:_identify(log) by extensions ['ignore', 'ignore_ament_install']
[1.273s] Level 1:colcon.colcon_core.package_identification:_identify(log) by extension 'ignore'
[1.273s] Level 1:colcon.colcon_core.package_identification:_identify(log) ignored
[1.276s] Level 1:colcon.colcon_core.package_identification:_identify(src) by extensions ['ignore', 'ignore_ament_install']
[1.276s] Level 1:colcon.colcon_core.package_identification:_identify(src) by extension 'ignore'
[1.277s] Level 1:colcon.colcon_core.package_identification:_identify(src) by extension 'ignore_ament_install'
[1.278s] Level 1:colcon.colcon_core.package_identification:_identify(src) by extensions ['colcon_pkg']
[1.279s] Level 1:colcon.colcon_core.package_identification:_identify(src) by extension 'colcon_pkg'
[1.281s] Level 1:colcon.colcon_core.package_identification:_identify(src) by extensions ['colcon_meta']
[1.282s] Level 1:colcon.colcon_core.package_identification:_identify(src) by extension 'colcon_meta'
[1.283s] Level 1:colcon.colcon_core.package_identification:_identify(src) by extensions ['ros']
[1.284s] Level 1:colcon.colcon_core.package_identification:_identify(src) by extension 'ros'
[1.285s] Level 1:colcon.colcon_core.package_identification:_identify(src) by extensions ['cmake', 'python']
[1.286s] Level 1:colcon.colcon_core.package_identification:_identify(src) by extension 'cmake'
[1.286s] Level 1:colcon.colcon_core.package_identification:_identify(src) by extension 'python'
[1.286s] Level 1:colcon.colcon_core.package_identification:_identify(src) by extensions ['python_setup_py']
[1.287s] Level 1:colcon.colcon_core.package_identification:_identify(src) by extension 'python_setup_py'
[1.291s] Level 1:colcon.colcon_core.package_identification:_identify(src/agent_control) by extensions ['ignore', 'ignore_ament_install']
[1.292s] Level 1:colcon.colcon_core.package_identification:_identify(src/agent_control) by extension 'ignore'
[1.292s] Level 1:colcon.colcon_core.package_identification:_identify(src/agent_control) by extension 'ignore_ament_install'
[1.293s] Level 1:colcon.colcon_core.package_identification:_identify(src/agent_control) by extensions ['colcon_pkg']
[1.294s] Level 1:colcon.colcon_core.package_identification:_identify(src/agent_control) by extension 'colcon_pkg'
[1.294s] Level 1:colcon.colcon_core.package_identification:_identify(src/agent_control) by extensions ['colcon_meta']
[1.295s] Level 1:colcon.colcon_core.package_identification:_identify(src/agent_control) by extension 'colcon_meta'
[1.295s] Level 1:colcon.colcon_core.package_identification:_identify(src/agent_control) by extensions ['ros']
[1.296s] Level 1:colcon.colcon_core.package_identification:_identify(src/agent_control) by extension 'ros'
[1.307s] DEBUG:colcon.colcon_core.package_identification:Package 'src/agent_control' with type 'ros.ament_python' and name 'agent_control'
[1.311s] Level 1:colcon.colcon_core.package_identification:_identify(src/turtlebot_base) by extensions ['ignore', 'ignore_ament_install']
[1.312s] Level 1:colcon.colcon_core.package_identification:_identify(src/turtlebot_base) by extension 'ignore'
[1.313s] Level 1:colcon.colcon_core.package_identification:_identify(src/turtlebot_base) by extension 'ignore_ament_install'
[1.315s] Level 1:colcon.colcon_core.package_identification:_identify(src/turtlebot_base) by extensions ['colcon_pkg']
[1.316s] Level 1:colcon.colcon_core.package_identification:_identify(src/turtlebot_base) by extension 'colcon_pkg'
[1.318s] Level 1:colcon.colcon_core.package_identification:_identify(src/turtlebot_base) by extensions ['colcon_meta']
[1.319s] Level 1:colcon.colcon_core.package_identification:_identify(src/turtlebot_base) by extension 'colcon_meta'
[1.319s] Level 1:colcon.colcon_core.package_identification:_identify(src/turtlebot_base) by extensions ['ros']
[1.320s] Level 1:colcon.colcon_core.package_identification:_identify(src/turtlebot_base) by extension 'ros'
[1.325s] DEBUG:colcon.colcon_core.package_identification:Package 'src/turtlebot_base' with type 'ros.ament_cmake' and name 'turtlebot_base'
[1.326s] Level 1:colcon.colcon_core.package_discovery:discover_packages(recursive) using defaults
[1.327s] Level 1:colcon.colcon_core.package_discovery:discover_packages(ignore) discover
[1.327s] Level 1:colcon.colcon_core.package_discovery:discover_packages(ignore) using defaults
[1.327s] Level 1:colcon.colcon_core.package_discovery:discover_packages(path) discover
[1.328s] Level 1:colcon.colcon_core.package_discovery:discover_packages(path) using defaults
[1.423s] Level 1:colcon.colcon_core.package_discovery:discover_packages(prefix_path) check parameters
[1.424s] Level 1:colcon.colcon_core.package_discovery:discover_packages(prefix_path) discover
[1.435s] DEBUG:colcon.colcon_installed_package_information.package_discovery:Found 389 installed packages in /opt/ros/humble
[1.436s] Level 1:colcon.colcon_core.package_discovery:discover_packages(prefix_path) using defaults
[1.486s] Level 5:colcon.colcon_core.verb:set package 'agent_control' build argument 'cmake_args' from command line to 'None'
[1.487s] Level 5:colcon.colcon_core.verb:set package 'agent_control' build argument 'cmake_target' from command line to 'None'
[1.487s] Level 5:colcon.colcon_core.verb:set package 'agent_control' build argument 'cmake_target_skip_unavailable' from command line to 'False'
[1.487s] Level 5:colcon.colcon_core.verb:set package 'agent_control' build argument 'cmake_clean_cache' from command line to 'False'
[1.488s] Level 5:colcon.colcon_core.verb:set package 'agent_control' build argument 'cmake_clean_first' from command line to 'False'
[1.489s] Level 5:colcon.colcon_core.verb:set package 'agent_control' build argument 'cmake_force_configure' from command line to 'False'
[1.489s] Level 5:colcon.colcon_core.verb:set package 'agent_control' build argument 'ament_cmake_args' from command line to 'None'
[1.490s] Level 5:colcon.colcon_core.verb:set package 'agent_control' build argument 'catkin_cmake_args' from command line to 'None'
[1.490s] Level 5:colcon.colcon_core.verb:set package 'agent_control' build argument 'catkin_skip_building_tests' from command line to 'False'
[1.491s] DEBUG:colcon.colcon_core.verb:Building package 'agent_control' with the following arguments: {'ament_cmake_args': None, 'build_base': '/media/sf_MacShare/turtlebot_simulator/build/agent_control', 'catkin_cmake_args': None, 'catkin_skip_building_tests': False, 'cmake_args': None, 'cmake_clean_cache': False, 'cmake_clean_first': False, 'cmake_force_configure': False, 'cmake_target': None, 'cmake_target_skip_unavailable': False, 'install_base': '/media/sf_MacShare/turtlebot_simulator/install/agent_control', 'merge_install': False, 'path': '/media/sf_MacShare/turtlebot_simulator/src/agent_control', 'symlink_install': False, 'test_result_base': None}
[1.493s] Level 5:colcon.colcon_core.verb:set package 'turtlebot_base' build argument 'cmake_args' from command line to 'None'
[1.494s] Level 5:colcon.colcon_core.verb:set package 'turtlebot_base' build argument 'cmake_target' from command line to 'None'
[1.494s] Level 5:colcon.colcon_core.verb:set package 'turtlebot_base' build argument 'cmake_target_skip_unavailable' from command line to 'False'
[1.495s] Level 5:colcon.colcon_core.verb:set package 'turtlebot_base' build argument 'cmake_clean_cache' from command line to 'False'
[1.496s] Level 5:colcon.colcon_core.verb:set package 'turtlebot_base' build argument 'cmake_clean_first' from command line to 'False'
[1.497s] Level 5:colcon.colcon_core.verb:set package 'turtlebot_base' build argument 'cmake_force_configure' from command line to 'False'
[1.498s] Level 5:colcon.colcon_core.verb:set package 'turtlebot_base' build argument 'ament_cmake_args' from command line to 'None'
[1.499s] Level 5:colcon.colcon_core.verb:set package 'turtlebot_base' build argument 'catkin_cmake_args' from command line to 'None'
[1.499s] Level 5:colcon.colcon_core.verb:set package 'turtlebot_base' build argument 'catkin_skip_building_tests' from command line to 'False'
[1.500s] DEBUG:colcon.colcon_core.verb:Building package 'turtlebot_base' with the following arguments: {'ament_cmake_args': None, 'build_base': '/media/sf_MacShare/turtlebot_simulator/build/turtlebot_base', 'catkin_cmake_args': None, 'catkin_skip_building_tests': False, 'cmake_args': None, 'cmake_clean_cache': False, 'cmake_clean_first': False, 'cmake_force_configure': False, 'cmake_target': None, 'cmake_target_skip_unavailable': False, 'install_base': '/media/sf_MacShare/turtlebot_simulator/install/turtlebot_base', 'merge_install': False, 'path': '/media/sf_MacShare/turtlebot_simulator/src/turtlebot_base', 'symlink_install': False, 'test_result_base': None}
[1.501s] INFO:colcon.colcon_core.executor:Executing jobs using 'parallel' executor
[1.505s] DEBUG:colcon.colcon_parallel_executor.executor.parallel:run_until_complete
[1.506s] INFO:colcon.colcon_ros.task.ament_python.build:Building ROS package in '/media/sf_MacShare/turtlebot_simulator/src/agent_control' with build type 'ament_python'
[1.508s] Level 1:colcon.colcon_core.shell:create_environment_hook('agent_control', 'ament_prefix_path')
[1.535s] INFO:colcon.colcon_core.plugin_system:Skipping extension 'colcon_core.shell.bat': Not used on non-Windows systems
[1.536s] INFO:colcon.colcon_core.shell:Creating environment hook '/media/sf_MacShare/turtlebot_simulator/install/agent_control/share/agent_control/hook/ament_prefix_path.ps1'
[1.557s] INFO:colcon.colcon_core.shell:Creating environment descriptor '/media/sf_MacShare/turtlebot_simulator/install/agent_control/share/agent_control/hook/ament_prefix_path.dsv'
[1.570s] INFO:colcon.colcon_core.shell:Creating environment hook '/media/sf_MacShare/turtlebot_simulator/install/agent_control/share/agent_control/hook/ament_prefix_path.sh'
[1.598s] INFO:colcon.colcon_core.shell:Skip shell extension 'powershell' for command environment: Not usable outside of PowerShell
[1.602s] DEBUG:colcon.colcon_core.shell:Skip shell extension 'dsv' for command environment
[1.631s] INFO:colcon.colcon_ros.task.ament_cmake.build:Building ROS package in '/media/sf_MacShare/turtlebot_simulator/src/turtlebot_base' with build type 'ament_cmake'
[1.632s] INFO:colcon.colcon_cmake.task.cmake.build:Building CMake package in '/media/sf_MacShare/turtlebot_simulator/src/turtlebot_base'
[1.634s] INFO:colcon.colcon_core.shell:Skip shell extension 'powershell' for command environment: Not usable outside of PowerShell
[1.634s] DEBUG:colcon.colcon_core.shell:Skip shell extension 'dsv' for command environment
[2.025s] INFO:colcon.colcon_core.task.python.build:Building Python package in '/media/sf_MacShare/turtlebot_simulator/src/agent_control'
[2.026s] INFO:colcon.colcon_core.shell:Skip shell extension 'powershell' for command environment: Not usable outside of PowerShell
[2.028s] DEBUG:colcon.colcon_core.shell:Skip shell extension 'dsv' for command environment
[2.141s] DEBUG:colcon.colcon_core.event_handler.log_command:Invoking command in '/media/sf_MacShare/turtlebot_simulator/build/turtlebot_base': CMAKE_PREFIX_PATH=/opt/ros/humble /usr/bin/cmake --build /media/sf_MacShare/turtlebot_simulator/build/turtlebot_base -- -j12 -l12
[3.844s] DEBUG:colcon.colcon_core.event_handler.log_command:Invoking command in '/media/sf_MacShare/turtlebot_simulator/src/agent_control': PYTHONPATH=/media/sf_MacShare/turtlebot_simulator/build/agent_control/prefix_override:/usr/lib/python3/dist-packages/colcon_core/task/python/colcon_distutils_commands:/media/sf_MacShare/turtlebot_simulator/install/agent_control/lib/python3.10/site-packages:${PYTHONPATH} /usr/bin/python3 -W ignore:setup.py install is deprecated setup.py egg_info --egg-base ../../build/agent_control build --build-base /media/sf_MacShare/turtlebot_simulator/build/agent_control/build install --record /media/sf_MacShare/turtlebot_simulator/build/agent_control/install.log --single-version-externally-managed install_data
[5.065s] DEBUG:colcon.colcon_core.event_handler.log_command:Invoked command in '/media/sf_MacShare/turtlebot_simulator/build/turtlebot_base' returned '0': CMAKE_PREFIX_PATH=/opt/ros/humble /usr/bin/cmake --build /media/sf_MacShare/turtlebot_simulator/build/turtlebot_base -- -j12 -l12
[5.084s] DEBUG:colcon.colcon_core.event_handler.log_command:Invoked command in '/media/sf_MacShare/turtlebot_simulator/src/agent_control' returned '0': PYTHONPATH=/media/sf_MacShare/turtlebot_simulator/build/agent_control/prefix_override:/usr/lib/python3/dist-packages/colcon_core/task/python/colcon_distutils_commands:/media/sf_MacShare/turtlebot_simulator/install/agent_control/lib/python3.10/site-packages:${PYTHONPATH} /usr/bin/python3 -W ignore:setup.py install is deprecated setup.py egg_info --egg-base ../../build/agent_control build --build-base /media/sf_MacShare/turtlebot_simulator/build/agent_control/build install --record /media/sf_MacShare/turtlebot_simulator/build/agent_control/install.log --single-version-externally-managed install_data
[5.149s] Level 1:colcon.colcon_core.environment:checking '/media/sf_MacShare/turtlebot_simulator/install/agent_control' for CMake module files
[5.183s] Level 1:colcon.colcon_core.environment:checking '/media/sf_MacShare/turtlebot_simulator/install/agent_control' for CMake config files
[5.245s] Level 1:colcon.colcon_core.environment:checking '/media/sf_MacShare/turtlebot_simulator/install/agent_control/lib'
[5.251s] Level 1:colcon.colcon_core.environment:checking '/media/sf_MacShare/turtlebot_simulator/install/agent_control/bin'
[5.253s] Level 1:colcon.colcon_core.environment:checking '/media/sf_MacShare/turtlebot_simulator/install/agent_control/lib/pkgconfig/agent_control.pc'
[5.255s] Level 1:colcon.colcon_core.environment:checking '/media/sf_MacShare/turtlebot_simulator/install/agent_control/lib/python3.10/site-packages'
[5.256s] Level 1:colcon.colcon_core.shell:create_environment_hook('agent_control', 'pythonpath')
[5.256s] INFO:colcon.colcon_core.shell:Creating environment hook '/media/sf_MacShare/turtlebot_simulator/install/agent_control/share/agent_control/hook/pythonpath.ps1'
[5.265s] INFO:colcon.colcon_core.shell:Creating environment descriptor '/media/sf_MacShare/turtlebot_simulator/install/agent_control/share/agent_control/hook/pythonpath.dsv'
[5.275s] INFO:colcon.colcon_core.shell:Creating environment hook '/media/sf_MacShare/turtlebot_simulator/install/agent_control/share/agent_control/hook/pythonpath.sh'
[5.285s] Level 1:colcon.colcon_core.environment:checking '/media/sf_MacShare/turtlebot_simulator/install/agent_control/bin'
[5.288s] Level 1:colcon.colcon_core.environment:create_environment_scripts_only(agent_control)
[5.289s] INFO:colcon.colcon_core.shell:Creating package script '/media/sf_MacShare/turtlebot_simulator/install/agent_control/share/agent_control/package.ps1'
[5.313s] INFO:colcon.colcon_core.shell:Creating package descriptor '/media/sf_MacShare/turtlebot_simulator/install/agent_control/share/agent_control/package.dsv'
[5.328s] INFO:colcon.colcon_core.shell:Creating package script '/media/sf_MacShare/turtlebot_simulator/install/agent_control/share/agent_control/package.sh'
[5.344s] INFO:colcon.colcon_core.shell:Creating package script '/media/sf_MacShare/turtlebot_simulator/install/agent_control/share/agent_control/package.bash'
[5.355s] INFO:colcon.colcon_core.shell:Creating package script '/media/sf_MacShare/turtlebot_simulator/install/agent_control/share/agent_control/package.zsh'
[5.371s] Level 1:colcon.colcon_core.environment:create_file_with_runtime_dependencies(/media/sf_MacShare/turtlebot_simulator/install/agent_control/share/colcon-core/packages/agent_control)
[5.416s] DEBUG:colcon.colcon_core.event_handler.log_command:Invoking command in '/media/sf_MacShare/turtlebot_simulator/build/turtlebot_base': CMAKE_PREFIX_PATH=/opt/ros/humble /usr/bin/cmake --install /media/sf_MacShare/turtlebot_simulator/build/turtlebot_base
[6.241s] Level 1:colcon.colcon_core.environment:create_environment_scripts_only(turtlebot_base)
[6.242s] Level 1:colcon.colcon_core.environment:checking '/media/sf_MacShare/turtlebot_simulator/install/turtlebot_base' for CMake module files
[6.247s] DEBUG:colcon.colcon_core.event_handler.log_command:Invoked command in '/media/sf_MacShare/turtlebot_simulator/build/turtlebot_base' returned '0': CMAKE_PREFIX_PATH=/opt/ros/humble /usr/bin/cmake --install /media/sf_MacShare/turtlebot_simulator/build/turtlebot_base
[6.281s] Level 1:colcon.colcon_core.environment:checking '/media/sf_MacShare/turtlebot_simulator/install/turtlebot_base' for CMake config files
[6.295s] Level 1:colcon.colcon_core.shell:create_environment_hook('turtlebot_base', 'cmake_prefix_path')
[6.297s] INFO:colcon.colcon_core.shell:Creating environment hook '/media/sf_MacShare/turtlebot_simulator/install/turtlebot_base/share/turtlebot_base/hook/cmake_prefix_path.ps1'
[6.313s] INFO:colcon.colcon_core.shell:Creating environment descriptor '/media/sf_MacShare/turtlebot_simulator/install/turtlebot_base/share/turtlebot_base/hook/cmake_prefix_path.dsv'
[6.321s] INFO:colcon.colcon_core.shell:Creating environment hook '/media/sf_MacShare/turtlebot_simulator/install/turtlebot_base/share/turtlebot_base/hook/cmake_prefix_path.sh'
[6.334s] Level 1:colcon.colcon_core.environment:checking '/media/sf_MacShare/turtlebot_simulator/install/turtlebot_base/bin'
[6.335s] Level 1:colcon.colcon_core.environment:checking '/media/sf_MacShare/turtlebot_simulator/install/turtlebot_base/lib/pkgconfig/turtlebot_base.pc'
[6.337s] Level 1:colcon.colcon_core.environment:checking '/media/sf_MacShare/turtlebot_simulator/install/turtlebot_base/lib/python3.10/site-packages'
[6.338s] Level 1:colcon.colcon_core.environment:checking '/media/sf_MacShare/turtlebot_simulator/install/turtlebot_base/bin'
[6.340s] INFO:colcon.colcon_core.shell:Creating package script '/media/sf_MacShare/turtlebot_simulator/install/turtlebot_base/share/turtlebot_base/package.ps1'
[6.361s] INFO:colcon.colcon_core.shell:Creating package descriptor '/media/sf_MacShare/turtlebot_simulator/install/turtlebot_base/share/turtlebot_base/package.dsv'
[6.366s] INFO:colcon.colcon_core.shell:Creating package script '/media/sf_MacShare/turtlebot_simulator/install/turtlebot_base/share/turtlebot_base/package.sh'
[6.380s] INFO:colcon.colcon_core.shell:Creating package script '/media/sf_MacShare/turtlebot_simulator/install/turtlebot_base/share/turtlebot_base/package.bash'
[6.390s] INFO:colcon.colcon_core.shell:Creating package script '/media/sf_MacShare/turtlebot_simulator/install/turtlebot_base/share/turtlebot_base/package.zsh'
[6.400s] Level 1:colcon.colcon_core.environment:create_file_with_runtime_dependencies(/media/sf_MacShare/turtlebot_simulator/install/turtlebot_base/share/colcon-core/packages/turtlebot_base)
[6.482s] Level 1:colcon.colcon_core.environment:create_environment_scripts_only(turtlebot_base)
[6.483s] Level 1:colcon.colcon_core.environment:checking '/media/sf_MacShare/turtlebot_simulator/install/turtlebot_base' for CMake module files
[6.534s] Level 1:colcon.colcon_core.environment:checking '/media/sf_MacShare/turtlebot_simulator/install/turtlebot_base' for CMake config files
[6.549s] Level 1:colcon.colcon_core.shell:create_environment_hook('turtlebot_base', 'cmake_prefix_path')
[6.550s] INFO:colcon.colcon_core.shell:Creating environment hook '/media/sf_MacShare/turtlebot_simulator/install/turtlebot_base/share/turtlebot_base/hook/cmake_prefix_path.ps1'
[6.559s] INFO:colcon.colcon_core.shell:Creating environment descriptor '/media/sf_MacShare/turtlebot_simulator/install/turtlebot_base/share/turtlebot_base/hook/cmake_prefix_path.dsv'
[6.566s] INFO:colcon.colcon_core.shell:Creating environment hook '/media/sf_MacShare/turtlebot_simulator/install/turtlebot_base/share/turtlebot_base/hook/cmake_prefix_path.sh'
[6.583s] Level 1:colcon.colcon_core.environment:checking '/media/sf_MacShare/turtlebot_simulator/install/turtlebot_base/bin'
[6.584s] Level 1:colcon.colcon_core.environment:checking '/media/sf_MacShare/turtlebot_simulator/install/turtlebot_base/lib/pkgconfig/turtlebot_base.pc'
[6.586s] Level 1:colcon.colcon_core.environment:checking '/media/sf_MacShare/turtlebot_simulator/install/turtlebot_base/lib/python3.10/site-packages'
[6.587s] Level 1:colcon.colcon_core.environment:checking '/media/sf_MacShare/turtlebot_simulator/install/turtlebot_base/bin'
[6.588s] INFO:colcon.colcon_core.shell:Creating package script '/media/sf_MacShare/turtlebot_simulator/install/turtlebot_base/share/turtlebot_base/package.ps1'
[6.594s] INFO:colcon.colcon_core.shell:Creating package descriptor '/media/sf_MacShare/turtlebot_simulator/install/turtlebot_base/share/turtlebot_base/package.dsv'
[6.604s] INFO:colcon.colcon_core.shell:Creating package script '/media/sf_MacShare/turtlebot_simulator/install/turtlebot_base/share/turtlebot_base/package.sh'
[6.609s] INFO:colcon.colcon_core.shell:Creating package script '/media/sf_MacShare/turtlebot_simulator/install/turtlebot_base/share/turtlebot_base/package.bash'
[6.614s] INFO:colcon.colcon_core.shell:Creating package script '/media/sf_MacShare/turtlebot_simulator/install/turtlebot_base/share/turtlebot_base/package.zsh'
[6.619s] Level 1:colcon.colcon_core.environment:create_file_with_runtime_dependencies(/media/sf_MacShare/turtlebot_simulator/install/turtlebot_base/share/colcon-core/packages/turtlebot_base)
[6.624s] DEBUG:colcon.colcon_parallel_executor.executor.parallel:closing loop
[6.625s] DEBUG:colcon.colcon_parallel_executor.executor.parallel:loop closed
[6.628s] DEBUG:colcon.colcon_parallel_executor.executor.parallel:run_until_complete finished with '0'
[6.632s] DEBUG:colcon.colcon_core.event_reactor:joining thread
[6.663s] INFO:colcon.colcon_core.plugin_system:Skipping extension 'colcon_notification.desktop_notification.terminal_notifier': Not used on non-Darwin systems
[6.667s] INFO:colcon.colcon_core.plugin_system:Skipping extension 'colcon_notification.desktop_notification.win32': Not used on non-Windows systems
[6.668s] INFO:colcon.colcon_notification.desktop_notification:Sending desktop notification using 'notify2'
[6.707s] DEBUG:colcon.colcon_core.event_reactor:joined thread
[6.708s] INFO:colcon.colcon_core.shell:Creating prefix script '/media/sf_MacShare/turtlebot_simulator/install/local_setup.ps1'
[6.719s] INFO:colcon.colcon_core.shell:Creating prefix util module '/media/sf_MacShare/turtlebot_simulator/install/_local_setup_util_ps1.py'
[6.734s] INFO:colcon.colcon_core.shell:Creating prefix chain script '/media/sf_MacShare/turtlebot_simulator/install/setup.ps1'
[6.757s] INFO:colcon.colcon_core.shell:Creating prefix script '/media/sf_MacShare/turtlebot_simulator/install/local_setup.sh'
[6.771s] INFO:colcon.colcon_core.shell:Creating prefix util module '/media/sf_MacShare/turtlebot_simulator/install/_local_setup_util_sh.py'
[6.787s] INFO:colcon.colcon_core.shell:Creating prefix chain script '/media/sf_MacShare/turtlebot_simulator/install/setup.sh'
[6.799s] INFO:colcon.colcon_core.shell:Creating prefix script '/media/sf_MacShare/turtlebot_simulator/install/local_setup.bash'
[6.809s] INFO:colcon.colcon_core.shell:Creating prefix chain script '/media/sf_MacShare/turtlebot_simulator/install/setup.bash'
[6.823s] INFO:colcon.colcon_core.shell:Creating prefix script '/media/sf_MacShare/turtlebot_simulator/install/local_setup.zsh'
[6.832s] INFO:colcon.colcon_core.shell:Creating prefix chain script '/media/sf_MacShare/turtlebot_simulator/install/setup.zsh'
