[0.092s] DEBUG:colcon:Command line arguments: ['/usr/bin/colcon', 'build']
[0.093s] DEBUG:colcon:Parsed command line arguments: Namespace(log_base=None, log_level=None, verb_name='build', build_base='build', install_base='install', merge_install=False, symlink_install=False, test_result_base=None, continue_on_error=False, executor='parallel', parallel_workers=12, event_handlers=None, ignore_user_meta=False, metas=['./colcon.meta'], base_paths=['.'], packages_ignore=None, packages_ignore_regex=None, paths=None, packages_up_to=None, packages_up_to_regex=None, packages_above=None, packages_above_and_dependencies=None, packages_above_depth=None, packages_select_by_dep=None, packages_skip_by_dep=None, packages_skip_up_to=None, packages_select_build_failed=False, packages_skip_build_finished=False, packages_select_test_failures=False, packages_skip_test_passed=False, packages_select=None, packages_skip=None, packages_select_regex=None, packages_skip_regex=None, packages_start=None, packages_end=None, allow_overriding=[], cmake_args=None, cmake_target=None, cmake_target_skip_unavailable=False, cmake_clean_cache=False, cmake_clean_first=False, cmake_force_configure=False, ament_cmake_args=None, catkin_cmake_args=None, catkin_skip_building_tests=False, mixin_files=None, mixin=None, verb_parser=<colcon_mixin.mixin.mixin_argument.MixinArgumentDecorator object at 0xf83eb974a560>, verb_extension=<colcon_core.verb.build.BuildVerb object at 0xf83eb9749ed0>, main=<bound method BuildVerb.main of <colcon_core.verb.build.BuildVerb object at 0xf83eb9749ed0>>, mixin_verb=('build',))
[0.229s] Level 1:colcon.colcon_core.package_discovery:discover_packages(colcon_meta) check parameters
[0.230s] Level 1:colcon.colcon_core.package_discovery:discover_packages(recursive) check parameters
[0.231s] Level 1:colcon.colcon_core.package_discovery:discover_packages(ignore) check parameters
[0.231s] Level 1:colcon.colcon_core.package_discovery:discover_packages(path) check parameters
[0.232s] Level 1:colcon.colcon_core.package_discovery:discover_packages(colcon_meta) discover
[0.233s] Level 1:colcon.colcon_core.package_discovery:discover_packages(recursive) discover
[0.234s] INFO:colcon.colcon_core.package_discovery:Crawling recursively for packages in '/media/sf_MacShare/turtlebot_simulator'
[0.239s] Level 1:colcon.colcon_core.package_identification:_identify(.) by extensions ['ignore', 'ignore_ament_install']
[0.240s] Level 1:colcon.colcon_core.package_identification:_identify(.) by extension 'ignore'
[0.242s] Level 1:colcon.colcon_core.package_identification:_identify(.) by extension 'ignore_ament_install'
[0.246s] Level 1:colcon.colcon_core.package_identification:_identify(.) by extensions ['colcon_pkg']
[0.247s] Level 1:colcon.colcon_core.package_identification:_identify(.) by extension 'colcon_pkg'
[0.248s] Level 1:colcon.colcon_core.package_identification:_identify(.) by extensions ['colcon_meta']
[0.248s] Level 1:colcon.colcon_core.package_identification:_identify(.) by extension 'colcon_meta'
[0.249s] Level 1:colcon.colcon_core.package_identification:_identify(.) by extensions ['ros']
[0.249s] Level 1:colcon.colcon_core.package_identification:_identify(.) by extension 'ros'
[0.266s] Level 1:colcon.colcon_core.package_identification:_identify(.) by extensions ['cmake', 'python']
[0.267s] Level 1:colcon.colcon_core.package_identification:_identify(.) by extension 'cmake'
[0.268s] Level 1:colcon.colcon_core.package_identification:_identify(.) by extension 'python'
[0.270s] Level 1:colcon.colcon_core.package_identification:_identify(.) by extensions ['python_setup_py']
[0.271s] Level 1:colcon.colcon_core.package_identification:_identify(.) by extension 'python_setup_py'
[0.276s] Level 1:colcon.colcon_core.package_identification:_identify(build) by extensions ['ignore', 'ignore_ament_install']
[0.277s] Level 1:colcon.colcon_core.package_identification:_identify(build) by extension 'ignore'
[0.277s] Level 1:colcon.colcon_core.package_identification:_identify(build) ignored
[0.280s] Level 1:colcon.colcon_core.package_identification:_identify(install) by extensions ['ignore', 'ignore_ament_install']
[0.281s] Level 1:colcon.colcon_core.package_identification:_identify(install) by extension 'ignore'
[0.281s] Level 1:colcon.colcon_core.package_identification:_identify(install) ignored
[0.286s] Level 1:colcon.colcon_core.package_identification:_identify(log) by extensions ['ignore', 'ignore_ament_install']
[0.287s] Level 1:colcon.colcon_core.package_identification:_identify(log) by extension 'ignore'
[0.287s] Level 1:colcon.colcon_core.package_identification:_identify(log) ignored
[0.293s] Level 1:colcon.colcon_core.package_identification:_identify(src) by extensions ['ignore', 'ignore_ament_install']
[0.295s] Level 1:colcon.colcon_core.package_identification:_identify(src) by extension 'ignore'
[0.298s] Level 1:colcon.colcon_core.package_identification:_identify(src) by extension 'ignore_ament_install'
[0.301s] Level 1:colcon.colcon_core.package_identification:_identify(src) by extensions ['colcon_pkg']
[0.302s] Level 1:colcon.colcon_core.package_identification:_identify(src) by extension 'colcon_pkg'
[0.303s] Level 1:colcon.colcon_core.package_identification:_identify(src) by extensions ['colcon_meta']
[0.304s] Level 1:colcon.colcon_core.package_identification:_identify(src) by extension 'colcon_meta'
[0.305s] Level 1:colcon.colcon_core.package_identification:_identify(src) by extensions ['ros']
[0.305s] Level 1:colcon.colcon_core.package_identification:_identify(src) by extension 'ros'
[0.311s] Level 1:colcon.colcon_core.package_identification:_identify(src) by extensions ['cmake', 'python']
[0.312s] Level 1:colcon.colcon_core.package_identification:_identify(src) by extension 'cmake'
[0.315s] Level 1:colcon.colcon_core.package_identification:_identify(src) by extension 'python'
[0.317s] Level 1:colcon.colcon_core.package_identification:_identify(src) by extensions ['python_setup_py']
[0.319s] Level 1:colcon.colcon_core.package_identification:_identify(src) by extension 'python_setup_py'
[0.325s] Level 1:colcon.colcon_core.package_identification:_identify(src/turtlebot_base) by extensions ['ignore', 'ignore_ament_install']
[0.326s] Level 1:colcon.colcon_core.package_identification:_identify(src/turtlebot_base) by extension 'ignore'
[0.328s] Level 1:colcon.colcon_core.package_identification:_identify(src/turtlebot_base) by extension 'ignore_ament_install'
[0.331s] Level 1:colcon.colcon_core.package_identification:_identify(src/turtlebot_base) by extensions ['colcon_pkg']
[0.332s] Level 1:colcon.colcon_core.package_identification:_identify(src/turtlebot_base) by extension 'colcon_pkg'
[0.334s] Level 1:colcon.colcon_core.package_identification:_identify(src/turtlebot_base) by extensions ['colcon_meta']
[0.335s] Level 1:colcon.colcon_core.package_identification:_identify(src/turtlebot_base) by extension 'colcon_meta'
[0.336s] Level 1:colcon.colcon_core.package_identification:_identify(src/turtlebot_base) by extensions ['ros']
[0.337s] Level 1:colcon.colcon_core.package_identification:_identify(src/turtlebot_base) by extension 'ros'
[0.348s] DEBUG:colcon.colcon_core.package_identification:Package 'src/turtlebot_base' with type 'ros.ament_cmake' and name 'turtlebot_base'
[0.349s] Level 1:colcon.colcon_core.package_discovery:discover_packages(recursive) using defaults
[0.350s] Level 1:colcon.colcon_core.package_discovery:discover_packages(ignore) discover
[0.351s] Level 1:colcon.colcon_core.package_discovery:discover_packages(ignore) using defaults
[0.352s] Level 1:colcon.colcon_core.package_discovery:discover_packages(path) discover
[0.353s] Level 1:colcon.colcon_core.package_discovery:discover_packages(path) using defaults
[0.387s] Level 1:colcon.colcon_core.package_discovery:discover_packages(prefix_path) check parameters
[0.389s] Level 1:colcon.colcon_core.package_discovery:discover_packages(prefix_path) discover
[0.427s] DEBUG:colcon.colcon_installed_package_information.package_discovery:Found 1 installed packages in /media/sf_MacShare/turtlebot_simulator/install
[0.429s] DEBUG:colcon.colcon_installed_package_information.package_discovery:Found 388 installed packages in /opt/ros/humble
[0.433s] Level 1:colcon.colcon_core.package_discovery:discover_packages(prefix_path) using defaults
[0.489s] Level 5:colcon.colcon_core.verb:set package 'turtlebot_base' build argument 'cmake_args' from command line to 'None'
[0.489s] Level 5:colcon.colcon_core.verb:set package 'turtlebot_base' build argument 'cmake_target' from command line to 'None'
[0.490s] Level 5:colcon.colcon_core.verb:set package 'turtlebot_base' build argument 'cmake_target_skip_unavailable' from command line to 'False'
[0.491s] Level 5:colcon.colcon_core.verb:set package 'turtlebot_base' build argument 'cmake_clean_cache' from command line to 'False'
[0.493s] Level 5:colcon.colcon_core.verb:set package 'turtlebot_base' build argument 'cmake_clean_first' from command line to 'False'
[0.494s] Level 5:colcon.colcon_core.verb:set package 'turtlebot_base' build argument 'cmake_force_configure' from command line to 'False'
[0.494s] Level 5:colcon.colcon_core.verb:set package 'turtlebot_base' build argument 'ament_cmake_args' from command line to 'None'
[0.495s] Level 5:colcon.colcon_core.verb:set package 'turtlebot_base' build argument 'catkin_cmake_args' from command line to 'None'
[0.496s] Level 5:colcon.colcon_core.verb:set package 'turtlebot_base' build argument 'catkin_skip_building_tests' from command line to 'False'
[0.500s] DEBUG:colcon.colcon_core.verb:Building package 'turtlebot_base' with the following arguments: {'ament_cmake_args': None, 'build_base': '/media/sf_MacShare/turtlebot_simulator/build/turtlebot_base', 'catkin_cmake_args': None, 'catkin_skip_building_tests': False, 'cmake_args': None, 'cmake_clean_cache': False, 'cmake_clean_first': False, 'cmake_force_configure': False, 'cmake_target': None, 'cmake_target_skip_unavailable': False, 'install_base': '/media/sf_MacShare/turtlebot_simulator/install/turtlebot_base', 'merge_install': False, 'path': '/media/sf_MacShare/turtlebot_simulator/src/turtlebot_base', 'symlink_install': False, 'test_result_base': None}
[0.501s] INFO:colcon.colcon_core.executor:Executing jobs using 'parallel' executor
[0.505s] DEBUG:colcon.colcon_parallel_executor.executor.parallel:run_until_complete
[0.509s] INFO:colcon.colcon_ros.task.ament_cmake.build:Building ROS package in '/media/sf_MacShare/turtlebot_simulator/src/turtlebot_base' with build type 'ament_cmake'
[0.512s] INFO:colcon.colcon_cmake.task.cmake.build:Building CMake package in '/media/sf_MacShare/turtlebot_simulator/src/turtlebot_base'
[0.516s] INFO:colcon.colcon_core.plugin_system:Skipping extension 'colcon_core.shell.bat': Not used on non-Windows systems
[0.517s] INFO:colcon.colcon_core.shell:Skip shell extension 'powershell' for command environment: Not usable outside of PowerShell
[0.519s] DEBUG:colcon.colcon_core.shell:Skip shell extension 'dsv' for command environment
[0.631s] DEBUG:colcon.colcon_core.event_handler.log_command:Invoking command in '/media/sf_MacShare/turtlebot_simulator/build/turtlebot_base': CMAKE_PREFIX_PATH=${CMAKE_PREFIX_PATH}:/opt/ros/humble /usr/bin/cmake --build /media/sf_MacShare/turtlebot_simulator/build/turtlebot_base -- -j12 -l12
[0.749s] DEBUG:colcon.colcon_core.event_handler.log_command:Invoked command in '/media/sf_MacShare/turtlebot_simulator/build/turtlebot_base' returned '0': CMAKE_PREFIX_PATH=${CMAKE_PREFIX_PATH}:/opt/ros/humble /usr/bin/cmake --build /media/sf_MacShare/turtlebot_simulator/build/turtlebot_base -- -j12 -l12
[0.847s] DEBUG:colcon.colcon_core.event_handler.log_command:Invoking command in '/media/sf_MacShare/turtlebot_simulator/build/turtlebot_base': CMAKE_PREFIX_PATH=${CMAKE_PREFIX_PATH}:/opt/ros/humble /usr/bin/cmake --install /media/sf_MacShare/turtlebot_simulator/build/turtlebot_base
[1.229s] Level 1:colcon.colcon_core.environment:create_environment_scripts_only(turtlebot_base)
[1.237s] DEBUG:colcon.colcon_core.event_handler.log_command:Invoked command in '/media/sf_MacShare/turtlebot_simulator/build/turtlebot_base' returned '0': CMAKE_PREFIX_PATH=${CMAKE_PREFIX_PATH}:/opt/ros/humble /usr/bin/cmake --install /media/sf_MacShare/turtlebot_simulator/build/turtlebot_base
[1.238s] Level 1:colcon.colcon_core.environment:checking '/media/sf_MacShare/turtlebot_simulator/install/turtlebot_base' for CMake module files
[1.265s] Level 1:colcon.colcon_core.environment:checking '/media/sf_MacShare/turtlebot_simulator/install/turtlebot_base' for CMake config files
[1.276s] Level 1:colcon.colcon_core.shell:create_environment_hook('turtlebot_base', 'cmake_prefix_path')
[1.277s] INFO:colcon.colcon_core.shell:Creating environment hook '/media/sf_MacShare/turtlebot_simulator/install/turtlebot_base/share/turtlebot_base/hook/cmake_prefix_path.ps1'
[1.283s] INFO:colcon.colcon_core.shell:Creating environment descriptor '/media/sf_MacShare/turtlebot_simulator/install/turtlebot_base/share/turtlebot_base/hook/cmake_prefix_path.dsv'
[1.292s] INFO:colcon.colcon_core.shell:Creating environment hook '/media/sf_MacShare/turtlebot_simulator/install/turtlebot_base/share/turtlebot_base/hook/cmake_prefix_path.sh'
[1.304s] Level 1:colcon.colcon_core.environment:checking '/media/sf_MacShare/turtlebot_simulator/install/turtlebot_base/bin'
[1.306s] Level 1:colcon.colcon_core.environment:checking '/media/sf_MacShare/turtlebot_simulator/install/turtlebot_base/lib/pkgconfig/turtlebot_base.pc'
[1.310s] Level 1:colcon.colcon_core.environment:checking '/media/sf_MacShare/turtlebot_simulator/install/turtlebot_base/lib/python3.10/site-packages'
[1.312s] Level 1:colcon.colcon_core.environment:checking '/media/sf_MacShare/turtlebot_simulator/install/turtlebot_base/bin'
[1.314s] INFO:colcon.colcon_core.shell:Creating package script '/media/sf_MacShare/turtlebot_simulator/install/turtlebot_base/share/turtlebot_base/package.ps1'
[1.323s] INFO:colcon.colcon_core.shell:Creating package descriptor '/media/sf_MacShare/turtlebot_simulator/install/turtlebot_base/share/turtlebot_base/package.dsv'
[1.328s] INFO:colcon.colcon_core.shell:Creating package script '/media/sf_MacShare/turtlebot_simulator/install/turtlebot_base/share/turtlebot_base/package.sh'
[1.335s] INFO:colcon.colcon_core.shell:Creating package script '/media/sf_MacShare/turtlebot_simulator/install/turtlebot_base/share/turtlebot_base/package.bash'
[1.344s] INFO:colcon.colcon_core.shell:Creating package script '/media/sf_MacShare/turtlebot_simulator/install/turtlebot_base/share/turtlebot_base/package.zsh'
[1.351s] Level 1:colcon.colcon_core.environment:create_file_with_runtime_dependencies(/media/sf_MacShare/turtlebot_simulator/install/turtlebot_base/share/colcon-core/packages/turtlebot_base)
[1.429s] Level 1:colcon.colcon_core.environment:create_environment_scripts_only(turtlebot_base)
[1.432s] Level 1:colcon.colcon_core.environment:checking '/media/sf_MacShare/turtlebot_simulator/install/turtlebot_base' for CMake module files
[1.482s] Level 1:colcon.colcon_core.environment:checking '/media/sf_MacShare/turtlebot_simulator/install/turtlebot_base' for CMake config files
[1.497s] Level 1:colcon.colcon_core.shell:create_environment_hook('turtlebot_base', 'cmake_prefix_path')
[1.498s] INFO:colcon.colcon_core.shell:Creating environment hook '/media/sf_MacShare/turtlebot_simulator/install/turtlebot_base/share/turtlebot_base/hook/cmake_prefix_path.ps1'
[1.507s] INFO:colcon.colcon_core.shell:Creating environment descriptor '/media/sf_MacShare/turtlebot_simulator/install/turtlebot_base/share/turtlebot_base/hook/cmake_prefix_path.dsv'
[1.520s] INFO:colcon.colcon_core.shell:Creating environment hook '/media/sf_MacShare/turtlebot_simulator/install/turtlebot_base/share/turtlebot_base/hook/cmake_prefix_path.sh'
[1.533s] Level 1:colcon.colcon_core.environment:checking '/media/sf_MacShare/turtlebot_simulator/install/turtlebot_base/bin'
[1.534s] Level 1:colcon.colcon_core.environment:checking '/media/sf_MacShare/turtlebot_simulator/install/turtlebot_base/lib/pkgconfig/turtlebot_base.pc'
[1.536s] Level 1:colcon.colcon_core.environment:checking '/media/sf_MacShare/turtlebot_simulator/install/turtlebot_base/lib/python3.10/site-packages'
[1.542s] Level 1:colcon.colcon_core.environment:checking '/media/sf_MacShare/turtlebot_simulator/install/turtlebot_base/bin'
[1.546s] INFO:colcon.colcon_core.shell:Creating package script '/media/sf_MacShare/turtlebot_simulator/install/turtlebot_base/share/turtlebot_base/package.ps1'
[1.553s] INFO:colcon.colcon_core.shell:Creating package descriptor '/media/sf_MacShare/turtlebot_simulator/install/turtlebot_base/share/turtlebot_base/package.dsv'
[1.559s] INFO:colcon.colcon_core.shell:Creating package script '/media/sf_MacShare/turtlebot_simulator/install/turtlebot_base/share/turtlebot_base/package.sh'
[1.566s] INFO:colcon.colcon_core.shell:Creating package script '/media/sf_MacShare/turtlebot_simulator/install/turtlebot_base/share/turtlebot_base/package.bash'
[1.572s] INFO:colcon.colcon_core.shell:Creating package script '/media/sf_MacShare/turtlebot_simulator/install/turtlebot_base/share/turtlebot_base/package.zsh'
[1.578s] Level 1:colcon.colcon_core.environment:create_file_with_runtime_dependencies(/media/sf_MacShare/turtlebot_simulator/install/turtlebot_base/share/colcon-core/packages/turtlebot_base)
[1.584s] DEBUG:colcon.colcon_parallel_executor.executor.parallel:closing loop
[1.585s] DEBUG:colcon.colcon_parallel_executor.executor.parallel:loop closed
[1.588s] DEBUG:colcon.colcon_parallel_executor.executor.parallel:run_until_complete finished with '0'
[1.591s] DEBUG:colcon.colcon_core.event_reactor:joining thread
[1.602s] INFO:colcon.colcon_core.plugin_system:Skipping extension 'colcon_notification.desktop_notification.terminal_notifier': Not used on non-Darwin systems
[1.603s] INFO:colcon.colcon_core.plugin_system:Skipping extension 'colcon_notification.desktop_notification.win32': Not used on non-Windows systems
[1.605s] INFO:colcon.colcon_notification.desktop_notification:Sending desktop notification using 'notify2'
[1.626s] DEBUG:colcon.colcon_core.event_reactor:joined thread
[1.628s] INFO:colcon.colcon_core.shell:Creating prefix script '/media/sf_MacShare/turtlebot_simulator/install/local_setup.ps1'
[1.639s] INFO:colcon.colcon_core.shell:Creating prefix util module '/media/sf_MacShare/turtlebot_simulator/install/_local_setup_util_ps1.py'
[1.646s] INFO:colcon.colcon_core.shell:Creating prefix chain script '/media/sf_MacShare/turtlebot_simulator/install/setup.ps1'
[1.663s] INFO:colcon.colcon_core.shell:Creating prefix script '/media/sf_MacShare/turtlebot_simulator/install/local_setup.sh'
[1.669s] INFO:colcon.colcon_core.shell:Creating prefix util module '/media/sf_MacShare/turtlebot_simulator/install/_local_setup_util_sh.py'
[1.675s] INFO:colcon.colcon_core.shell:Creating prefix chain script '/media/sf_MacShare/turtlebot_simulator/install/setup.sh'
[1.686s] INFO:colcon.colcon_core.shell:Creating prefix script '/media/sf_MacShare/turtlebot_simulator/install/local_setup.bash'
[1.691s] INFO:colcon.colcon_core.shell:Creating prefix chain script '/media/sf_MacShare/turtlebot_simulator/install/setup.bash'
[1.704s] INFO:colcon.colcon_core.shell:Creating prefix script '/media/sf_MacShare/turtlebot_simulator/install/local_setup.zsh'
[1.711s] INFO:colcon.colcon_core.shell:Creating prefix chain script '/media/sf_MacShare/turtlebot_simulator/install/setup.zsh'
